[INFO ] 2019-08-15T06:21:08,881Z [main] cliutils.CliWrapperBase.call - Application Args: generate-node-info
[INFO ] 2019-08-15T06:21:11,276Z [main] manifests.Manifests.info - 116 attributes loaded from 153 stream(s) in 424ms, 116 saved, 2418 ignored: ["ActiveMQ-Version", "Agent-Class", "Ant-Version", "Application-Class", "Application-ID", "Application-Library-Allowable-Codebase", "Application-Name", "Application-Version", "Archiver-Version", "Automatic-Module-Name", "Bnd-LastModified", "Branch", "Build-Date", "Build-Host", "Build-Id", "Build-Java-Version", "Build-Jdk", "Build-Job", "Build-Number", "Build-Timestamp", "Built-By", "Built-OS", "Built-Status", "Bundle-Activator", "Bundle-Category", "Bundle-ClassPath", "Bundle-Copyright", "Bundle-Description", "Bundle-DocURL", "Bundle-License", "Bundle-ManifestVersion", "Bundle-Name", "Bundle-NativeCode", "Bundle-RequiredExecutionEnvironment", "Bundle-SymbolicName", "Bundle-Vendor", "Bundle-Version", "Caller-Allowable-Codebase", "Can-Redefine-Classes", "Can-Retransform-Classes", "Can-Set-Native-Method-Prefix", "Caplets", "Change", "Class-Path", "Codebase", "Corda-Platform-Version", "Corda-Release-Version", "Corda-Revision", "Corda-Vendor", "Created-By", "DynamicImport-Package", "Eclipse-BuddyPolicy", "Eclipse-LazyStart", "Export-Package", "Extension-Name", "Fragment-Host", "Gradle-Version", "Hibernate-JpaVersion", "Hibernate-VersionFamily", "Implementation-Build", "Implementation-Build-Date", "Implementation-Title", "Implementation-URL", "Implementation-Url", "Implementation-Vendor", "Implementation-Vendor-Id", "Implementation-Version", "Import-Package", "Include-Resource", "JCabi-Build", "JCabi-Date", "JCabi-Version", "JVM-Args", "Java-Agents", "Java-Vendor", "Java-Version", "Kotlin-Runtime-Component", "Kotlin-Version", "Liquibase-Package", "Log4jReleaseKey", "Log4jReleaseManager", "Log4jReleaseVersion", "Main-Class", "Main-class", "Manifest-Version", "Min-Java-Version", "Min-Update-Version", "Module-Email", "Module-Origin", "Module-Owner", "Module-Source", "Multi-Release", "Originally-Created-By", "Os-Arch", "Os-Name", "Os-Version", "Package", "Permissions", "Premain-Class", "Private-Package", "Provide-Capability", "Require-Capability", "SCM-Revision", "SCM-url", "Scm-Connection", "Scm-Revision", "Scm-Url", "Service-Component", "Specification-Title", "Specification-Vendor", "Specification-Version", "System-Properties", "Tool", "Trusted-Library", "X-Compile-Source-JDK", "X-Compile-Target-JDK"]
[INFO ] 2019-08-15T06:21:11,527Z [main] BasicInfo.printBasicNodeInfo - Logs can be found in                    : C:\Users\ezekiel\Aerotrax-Sandbox\cordapp-template-kotlin\build\nodes\Aerotrax\logs
[INFO ] 2019-08-15T06:21:14,051Z [main] subcommands.ValidateConfigurationCli.logRawConfig$node - Actual configuration:
{
    "additionalNodeInfoPollingFrequencyMsec" : 5000,
    "additionalP2PAddresses" : [],
    "attachmentCacheBound" : 1024,
    "baseDirectory" : "C:\\Users\\ezekiel\\Aerotrax-Sandbox\\cordapp-template-kotlin\\build\\nodes\\Aerotrax",
    "certificateChainCheckPolicies" : [],
    "cordappSignerKeyFingerprintBlacklist" : [
        "56CA54E803CB87C8472EBD3FBC6A2F1876E814CEEBF74860BD46997F40729367",
        "83088052AF16700457AE2C978A7D8AC38DD6A7C713539D00B897CD03A5E5D31D",
        "6F6696296C3F58B55FB6CA865A025A3A6CC27AD17C4AFABA1E8EF062E0A82739"
    ],
    "crlCheckSoftFail" : true,
    "dataSourceProperties" : "*****",
    "database" : {
        "exportHibernateJMXStatistics" : false,
        "initialiseAppSchema" : "UPDATE",
        "initialiseSchema" : true,
        "mappedSchemaCacheSize" : 100,
        "transactionIsolationLevel" : "REPEATABLE_READ"
    },
    "detectPublicIp" : false,
    "devMode" : true,
    "emailAddress" : "admin@company.com",
    "extraNetworkMapKeys" : [],
    "flowMonitorPeriodMillis" : {
        "nanos" : 0,
        "seconds" : 60
    },
    "flowMonitorSuspensionLoggingThresholdMillis" : {
        "nanos" : 0,
        "seconds" : 60
    },
    "flowTimeout" : {
        "backoffBase" : 1.8,
        "maxRestartCount" : 6,
        "timeout" : {
            "nanos" : 0,
            "seconds" : 30
        }
    },
    "jarDirs" : [
        "E"
    ],
    "jmxReporterType" : "JOLOKIA",
    "keyStorePassword" : "*****",
    "lazyBridgeStart" : true,
    "myLegalName" : "O=Aerotrax,L=New York,C=US",
    "noLocalShell" : false,
    "p2pAddress" : "localhost:10008",
    "rpcSettings" : {
        "address" : "localhost:10009",
        "adminAddress" : "localhost:10049",
        "standAloneBroker" : false,
        "useSsl" : false
    },
    "rpcUsers" : [],
    "security" : {
        "authService" : {
            "dataSource" : {
                "passwordEncryption" : "NONE",
                "type" : "INMEMORY",
                "users" : [
                    {
                        "ignoresFallbacks" : false,
                        "resolved" : true,
                        "value" : {
                            "loadFactor" : 0.75,
                            "modCount" : 3,
                            "size" : 3,
                            "table" : {},
                            "threshold" : 3
                        }
                    }
                ]
            }
        }
    },
    "trustStorePassword" : "*****",
    "useTestClock" : false,
    "verifierType" : "InMemory"
}

[INFO ] 2019-08-15T06:21:14,110Z [main] internal.Node.logStartupInfo - Vendor: Corda Open Source
[INFO ] 2019-08-15T06:21:14,112Z [main] internal.Node.logStartupInfo - Release: 4.1
[INFO ] 2019-08-15T06:21:14,112Z [main] internal.Node.logStartupInfo - Platform Version: 4
[INFO ] 2019-08-15T06:21:14,112Z [main] internal.Node.logStartupInfo - Revision: c11f6c15f71ac47b715e8e1b56ff5159b3730bdc
[INFO ] 2019-08-15T06:21:14,114Z [main] internal.Node.logStartupInfo - PID: 772
[INFO ] 2019-08-15T06:21:14,114Z [main] internal.Node.logStartupInfo - Main class: /C:/Users/ezekiel/Aerotrax-Sandbox/cordapp-template-kotlin/build/nodes/.cache/apps/net.corda.node.Corda_4.1/corda-node-4.1.jar
[INFO ] 2019-08-15T06:21:14,114Z [main] internal.Node.logStartupInfo - CommandLine Args: -Xmx512m -XX:+UseG1GC -javaagent:C:\Users\ezekiel\Aerotrax-Sandbox\cordapp-template-kotlin\build\nodes\Aerotrax\corda.jar -javaagent:C:\Users\ezekiel\Aerotrax-Sandbox\cordapp-template-kotlin\build\nodes\.cache\apps\net.corda.node.Corda_4.1\quasar-core-0.7.10-jdk8.jar=x(antlr**;bftsmart**;co.paralleluniverse**;com.codahale**;com.esotericsoftware**;com.fasterxml**;com.google**;com.ibm**;com.intellij**;com.jcabi**;com.nhaarman**;com.opengamma**;com.typesafe**;com.zaxxer**;de.javakaffee**;groovy**;groovyjarjarantlr**;groovyjarjarasm**;io.atomix**;io.github**;io.netty**;jdk**;junit**;kotlin**;net.bytebuddy**;net.i2p**;org.apache**;org.assertj**;org.bouncycastle**;org.codehaus**;org.crsh**;org.dom4j**;org.fusesource**;org.h2**;org.hamcrest**;org.hibernate**;org.jboss**;org.jcp**;org.joda**;org.junit**;org.mockito**;org.objectweb**;org.objenesis**;org.slf4j**;org.w3c**;org.xml**;org.yaml**;reflectasm**;rx**;org.jolokia**;com.lmax**;picocli**;liquibase**;com.github.benmanes**;org.json**;org.postgresql**;nonapi.io.github.classgraph**) -Dcapsule.address=0.0.0.0 -Dvisualvm.display.name=Corda -Djava.library.path=C:\Program Files\Java\jdk1.8.0_211\bin;C:\Windows\Sun\Java\bin;C:\Windows\system32;C:\Windows;C:\Users\ezekiel\bin;C:\Program Files\Git\mingw64\bin;C:\Program Files\Git\usr\local\bin;C:\Program Files\Git\usr\bin;C:\Program Files\Git\usr\bin;C:\Program Files\Git\mingw64\bin;C:\Program Files\Git\usr\bin;C:\Users\ezekiel\bin;C:\Program Files\JetBrains\IntelliJ IDEA Community Edition 2019.1.2\jbr\bin;C:\Program Files\JetBrains\IntelliJ IDEA Community Edition 2019.1.2\jbr\bin\server;C:\Program Files\JetBrains\IntelliJ IDEA Community Edition 2019.1.2\jbr\bin;C:\Program Files\JetBrains\IntelliJ IDEA Community Edition 2019.1.2\jbr\bin\server;C:\Program Files (x86)\Common Files\Oracle\Java\javapath;C:\Program Files (x86)\Intel\iCLS Client;C:\Program Files\Intel\iCLS Client;C:\Windows\system32;C:\Windows;C:\Windows\System32\Wbem;C:\Windows\System32\WindowsPowerShell\v1.0;C:\Windows\System32\OpenSSH;C:\Program Files (x86)\Intel\Intel(R) Management Engine Components\DAL;C:\Program Files\Intel\Intel(R) Management Engine Components\DAL;C:\Program Files (x86)\Intel\Intel(R) Management Engine Components\IPT;C:\Program Files\Intel\Intel(R) Management Engine Components\IPT;C:\Program Files\nodejs;C:\Program Files\Git\cmd;C:\Program Files\dotnet;C:\Program Files\Microsoft SQL Server\130\Tools\Binn;C:\Program Files\Microsoft SQL Server\Client SDK\ODBC\170\Tools\Binn;C:\Users\ezekiel\AppData\Roaming\npm;C:\Program Files\MySQL\MySQL Shell 8.0\bin;C:\Users\ezekiel\AppData\Local\Programs\Microsoft VS Code\bin;C:\Users\ezekiel\AppData\Roaming\npm;C:\Program Files\Git\usr\bin\vendor_perl;C:\Program Files\Git\usr\bin\core_perl;C:\Users\ezekiel\Aerotrax-Sandbox\cordapp-template-kotlin\build\nodes\.cache\apps\net.corda.node.Corda_4.1 -Dcapsule.log=1 -Dcapsule.app=net.corda.node.Corda_4.1 -Dcapsule.port=57314 -Dcapsule.dir=C:\Users\ezekiel\Aerotrax-Sandbox\cordapp-template-kotlin\build\nodes\.cache\apps\net.corda.node.Corda_4.1 -Dcapsule.jar=C:\Users\ezekiel\Aerotrax-Sandbox\cordapp-template-kotlin\build\nodes\Aerotrax\corda.jar
[INFO ] 2019-08-15T06:21:14,114Z [main] internal.Node.logStartupInfo - bootclasspath: C:\Program Files\Java\jdk1.8.0_211\jre\lib\resources.jar;C:\Program Files\Java\jdk1.8.0_211\jre\lib\rt.jar;C:\Program Files\Java\jdk1.8.0_211\jre\lib\sunrsasign.jar;C:\Program Files\Java\jdk1.8.0_211\jre\lib\jsse.jar;C:\Program Files\Java\jdk1.8.0_211\jre\lib\jce.jar;C:\Program Files\Java\jdk1.8.0_211\jre\lib\charsets.jar;C:\Program Files\Java\jdk1.8.0_211\jre\lib\jfr.jar;C:\Program Files\Java\jdk1.8.0_211\jre\classes
[INFO ] 2019-08-15T06:21:14,114Z [main] internal.Node.logStartupInfo - classpath: C:\Users\ezekiel\Aerotrax-Sandbox\cordapp-template-kotlin\build\nodes\Aerotrax\corda.jar;C:\Users\ezekiel\Aerotrax-Sandbox\cordapp-template-kotlin\build\nodes\.cache\apps\net.corda.node.Corda_4.1\corda-shell-4.1.jar;C:\Users\ezekiel\Aerotrax-Sandbox\cordapp-template-kotlin\build\nodes\.cache\apps\net.corda.node.Corda_4.1\corda-rpc-4.1.jar;C:\Users\ezekiel\Aerotrax-Sandbox\cordapp-template-kotlin\build\nodes\.cache\apps\net.corda.node.Corda_4.1\corda-node-api-4.1.jar;C:\Users\ezekiel\Aerotrax-Sandbox\cordapp-template-kotlin\build\nodes\.cache\apps\net.corda.node.Corda_4.1\corda-tools-cliutils-4.1.jar;C:\Users\ezekiel\Aerotrax-Sandbox\cordapp-template-kotlin\build\nodes\.cache\apps\net.corda.node.Corda_4.1\corda-common-configuration-parsing-4.1.jar;C:\Users\ezekiel\Aerotrax-Sandbox\cordapp-template-kotlin\build\nodes\.cache\apps\net.corda.node.Corda_4.1\corda-common-validation-4.1.jar;C:\Users\ezekiel\Aerotrax-Sandbox\cordapp-template-kotlin\build\nodes\.cache\apps\net.corda.node.Corda_4.1\corda-common-logging-4.1.jar;C:\Users\ezekiel\Aerotrax-Sandbox\cordapp-template-kotlin\build\nodes\.cache\apps\net.corda.node.Corda_4.1\corda-confidential-identities-4.1.jar;C:\Users\ezekiel\Aerotrax-Sandbox\cordapp-template-kotlin\build\nodes\.cache\apps\net.corda.node.Corda_4.1\log4j-slf4j-impl-2.9.1.jar;C:\Users\ezekiel\Aerotrax-Sandbox\cordapp-template-kotlin\build\nodes\.cache\apps\net.corda.node.Corda_4.1\log4j-web-2.9.1.jar;C:\Users\ezekiel\Aerotrax-Sandbox\cordapp-template-kotlin\build\nodes\.cache\apps\net.corda.node.Corda_4.1\jul-to-slf4j-1.7.25.jar;C:\Users\ezekiel\Aerotrax-Sandbox\cordapp-template-kotlin\build\nodes\.cache\apps\net.corda.node.Corda_4.1\corda-jackson-4.1.jar;C:\Users\ezekiel\Aerotrax-Sandbox\cordapp-template-kotlin\build\nodes\.cache\apps\net.corda.node.Corda_4.1\corda-serialization-4.1.jar;C:\Users\ezekiel\Aerotrax-Sandbox\cordapp-template-kotlin\build\nodes\.cache\apps\net.corda.node.Corda_4.1\corda-core-4.1.jar;C:\Users\ezekiel\Aerotrax-Sandbox\cordapp-template-kotlin\build\nodes\.cache\apps\net.corda.node.Corda_4.1\kotlin-stdlib-jdk8-1.2.71.jar;C:\Users\ezekiel\Aerotrax-Sandbox\cordapp-template-kotlin\build\nodes\.cache\apps\net.corda.node.Corda_4.1\jackson-module-kotlin-2.9.5.jar;C:\Users\ezekiel\Aerotrax-Sandbox\cordapp-template-kotlin\build\nodes\.cache\apps\net.corda.node.Corda_4.1\kotlin-reflect-1.2.71.jar;C:\Users\ezekiel\Aerotrax-Sandbox\cordapp-template-kotlin\build\nodes\.cache\apps\net.corda.node.Corda_4.1\quasar-core-0.7.10-jdk8.jar;C:\Users\ezekiel\Aerotrax-Sandbox\cordapp-template-kotlin\build\nodes\.cache\apps\net.corda.node.Corda_4.1\kryo-serializers-0.42.jar;C:\Users\ezekiel\Aerotrax-Sandbox\cordapp-template-kotlin\build\nodes\.cache\apps\net.corda.node.Corda_4.1\kryo-4.0.0.jar;C:\Users\ezekiel\Aerotrax-Sandbox\cordapp-template-kotlin\build\nodes\.cache\apps\net.corda.node.Corda_4.1\jimfs-1.1.jar;C:\Users\ezekiel\Aerotrax-Sandbox\cordapp-template-kotlin\build\nodes\.cache\apps\net.corda.node.Corda_4.1\metrics-new-relic-1.1.1.jar;C:\Users\ezekiel\Aerotrax-Sandbox\cordapp-template-kotlin\build\nodes\.cache\apps\net.corda.node.Corda_4.1\guava-25.1-jre.jar;C:\Users\ezekiel\Aerotrax-Sandbox\cordapp-template-kotlin\build\nodes\.cache\apps\net.corda.node.Corda_4.1\caffeine-2.6.2.jar;C:\Users\ezekiel\Aerotrax-Sandbox\cordapp-template-kotlin\build\nodes\.cache\apps\net.corda.node.Corda_4.1\disruptor-3.4.2.jar;C:\Users\ezekiel\Aerotrax-Sandbox\cordapp-template-kotlin\build\nodes\.cache\apps\net.corda.node.Corda_4.1\commons-collections4-4.1.jar;C:\Users\ezekiel\Aerotrax-Sandbox\cordapp-template-kotlin\build\nodes\.cache\apps\net.corda.node.Corda_4.1\artemis-amqp-protocol-2.6.2.jar;C:\Users\ezekiel\Aerotrax-Sandbox\cordapp-template-kotlin\build\nodes\.cache\apps\net.corda.node.Corda_4.1\artemis-server-2.6.2.jar;C:\Users\ezekiel\Aerotrax-Sandbox\cordapp-template-kotlin\build\nodes\.cache\apps\net.corda.node.Corda_4.1\artemis-jms-client-2.6.2.jar;C:\Users\ezekiel\Aerotrax-Sandbox\cordapp-template-kotlin\build\nodes\.cache\apps\net.corda.node.Corda_4.1\artemis-jdbc-store-2.6.2.jar;C:\Users\ezekiel\Aerotrax-Sandbox\cordapp-template-kotlin\build\nodes\.cache\apps\net.corda.node.Corda_4.1\artemis-core-client-2.6.2.jar;C:\Users\ezekiel\Aerotrax-Sandbox\cordapp-template-kotlin\build\nodes\.cache\apps\net.corda.node.Corda_4.1\artemis-journal-2.6.2.jar;C:\Users\ezekiel\Aerotrax-Sandbox\cordapp-template-kotlin\build\nodes\.cache\apps\net.corda.node.Corda_4.1\artemis-commons-2.6.2.jar;C:\Users\ezekiel\Aerotrax-Sandbox\cordapp-template-kotlin\build\nodes\.cache\apps\net.corda.node.Corda_4.1\shiro-core-1.4.0.jar;C:\Users\ezekiel\Aerotrax-Sandbox\cordapp-template-kotlin\build\nodes\.cache\apps\net.corda.node.Corda_4.1\shiro-config-ogdl-1.4.0.jar;C:\Users\ezekiel\Aerotrax-Sandbox\cordapp-template-kotlin\build\nodes\.cache\apps\net.corda.node.Corda_4.1\commons-beanutils-1.9.3.jar;C:\Users\ezekiel\Aerotrax-Sandbox\cordapp-template-kotlin\build\nodes\.cache\apps\net.corda.node.Corda_4.1\jcabi-manifests-1.1.jar;C:\Users\ezekiel\Aerotrax-Sandbox\cordapp-template-kotlin\build\nodes\.cache\apps\net.corda.node.Corda_4.1\forms_rt-7.0.3.jar;C:\Users\ezekiel\Aerotrax-Sandbox\cordapp-template-kotlin\build\nodes\.cache\apps\net.corda.node.Corda_4.1\metrics-core-3.2.5.jar;C:\Users\ezekiel\Aerotrax-Sandbox\cordapp-template-kotlin\build\nodes\.cache\apps\net.corda.node.Corda_4.1\config-1.3.3.jar;C:\Users\ezekiel\Aerotrax-Sandbox\cordapp-template-kotlin\build\nodes\.cache\apps\net.corda.node.Corda_4.1\h2-1.4.197.jar;C:\Users\ezekiel\Aerotrax-Sandbox\cordapp-template-kotlin\build\nodes\.cache\apps\net.corda.node.Corda_4.1\postgresql-42.2.5.jar;C:\Users\ezekiel\Aerotrax-Sandbox\cordapp-template-kotlin\build\nodes\.cache\apps\net.corda.node.Corda_4.1\HikariCP-2.5.1.jar;C:\Users\ezekiel\Aerotrax-Sandbox\cordapp-template-kotlin\build\nodes\.cache\apps\net.corda.node.Corda_4.1\hibernate-java8-5.3.6.Final.jar;C:\Users\ezekiel\Aerotrax-Sandbox\cordapp-template-kotlin\build\nodes\.cache\apps\net.corda.node.Corda_4.1\hibernate-core-5.3.6.Final.jar;C:\Users\ezekiel\Aerotrax-Sandbox\cordapp-template-kotlin\build\nodes\.cache\apps\net.corda.node.Corda_4.1\okhttp-3.5.0.jar;C:\Users\ezekiel\Aerotrax-Sandbox\cordapp-template-kotlin\build\nodes\.cache\apps\net.corda.node.Corda_4.1\picocli-3.8.0.jar;C:\Users\ezekiel\Aerotrax-Sandbox\cordapp-template-kotlin\build\nodes\.cache\apps\net.corda.node.Corda_4.1\ea-agent-loader-1.0.3.jar;C:\Users\ezekiel\Aerotrax-Sandbox\cordapp-template-kotlin\build\nodes\.cache\apps\net.corda.node.Corda_4.1\commons-codec-1.10.jar;C:\Users\ezekiel\Aerotrax-Sandbox\cordapp-template-kotlin\build\nodes\.cache\apps\net.corda.node.Corda_4.1\library-master-v1.1-beta-g6215ec8-87.jar;C:\Users\ezekiel\Aerotrax-Sandbox\cordapp-template-kotlin\build\nodes\.cache\apps\net.corda.node.Corda_4.1\copycat-client-1.2.3.jar;C:\Users\ezekiel\Aerotrax-Sandbox\cordapp-template-kotlin\build\nodes\.cache\apps\net.corda.node.Corda_4.1\copycat-server-1.2.3.jar;C:\Users\ezekiel\Aerotrax-Sandbox\cordapp-template-kotlin\build\nodes\.cache\apps\net.corda.node.Corda_4.1\catalyst-netty-1.1.2.jar;C:\Users\ezekiel\Aerotrax-Sandbox\cordapp-template-kotlin\build\nodes\.cache\apps\net.corda.node.Corda_4.1\jolokia-jvm-1.6.0-agent.jar;C:\Users\ezekiel\Aerotrax-Sandbox\cordapp-template-kotlin\build\nodes\.cache\apps\net.corda.node.Corda_4.1\kotlin-stdlib-jre8-1.2.71.jar;C:\Users\ezekiel\Aerotrax-Sandbox\cordapp-template-kotlin\build\nodes\.cache\apps\net.corda.node.Corda_4.1\commons-fileupload-1.3.3.jar;C:\Users\ezekiel\Aerotrax-Sandbox\cordapp-template-kotlin\build\nodes\.cache\apps\net.corda.node.Corda_4.1\proton-j-0.33.0.jar;C:\Users\ezekiel\Aerotrax-Sandbox\cordapp-template-kotlin\build\nodes\.cache\apps\net.corda.node.Corda_4.1\classgraph-4.6.12.jar;C:\Users\ezekiel\Aerotrax-Sandbox\cordapp-template-kotlin\build\nodes\.cache\apps\net.corda.node.Corda_4.1\liquibase-core-3.5.5.jar;C:\Users\ezekiel\Aerotrax-Sandbox\cordapp-template-kotlin\build\nodes\.cache\apps\net.corda.node.Corda_4.1\jackson-datatype-jsr310-2.9.5.jar;C:\Users\ezekiel\Aerotrax-Sandbox\cordapp-template-kotlin\build\nodes\.cache\apps\net.corda.node.Corda_4.1\jackson-databind-2.9.5.jar;C:\Users\ezekiel\Aerotrax-Sandbox\cordapp-template-kotlin\build\nodes\.cache\apps\net.corda.node.Corda_4.1\liquibase-slf4j-2.0.0.jar;C:\Users\ezekiel\Aerotrax-Sandbox\cordapp-template-kotlin\build\nodes\.cache\apps\net.corda.node.Corda_4.1\crash.connectors.ssh-810d2b774b85d4938be01b9b65e29e4fddbc450b.jar;C:\Users\ezekiel\Aerotrax-Sandbox\cordapp-template-kotlin\build\nodes\.cache\apps\net.corda.node.Corda_4.1\crash.shell-810d2b774b85d4938be01b9b65e29e4fddbc450b.jar;C:\Users\ezekiel\Aerotrax-Sandbox\cordapp-template-kotlin\build\nodes\.cache\apps\net.corda.node.Corda_4.1\jansi-1.14.jar;C:\Users\ezekiel\Aerotrax-Sandbox\cordapp-template-kotlin\build\nodes\.cache\apps\net.corda.node.Corda_4.1\log4j-core-2.9.1.jar;C:\Users\ezekiel\Aerotrax-Sandbox\cordapp-template-kotlin\build\nodes\.cache\apps\net.corda.node.Corda_4.1\commons-io-2.6.jar;C:\Users\ezekiel\Aerotrax-Sandbox\cordapp-template-kotlin\build\nodes\.cache\apps\net.corda.node.Corda_4.1\jcabi-log-0.14.jar;C:\Users\ezekiel\Aerotrax-Sandbox\cordapp-template-kotlin\build\nodes\.cache\apps\net.corda.node.Corda_4.1\shiro-cache-1.4.0.jar;C:\Users\ezekiel\Aerotrax-Sandbox\cordapp-template-kotlin\build\nodes\.cache\apps\net.corda.node.Corda_4.1\shiro-crypto-hash-1.4.0.jar;C:\Users\ezekiel\Aerotrax-Sandbox\cordapp-template-kotlin\build\nodes\.cache\apps\net.corda.node.Corda_4.1\shiro-crypto-cipher-1.4.0.jar;C:\Users\ezekiel\Aerotrax-Sandbox\cordapp-template-kotlin\build\nodes\.cache\apps\net.corda.node.Corda_4.1\shiro-config-core-1.4.0.jar;C:\Users\ezekiel\Aerotrax-Sandbox\cordapp-template-kotlin\build\nodes\.cache\apps\net.corda.node.Corda_4.1\shiro-event-1.4.0.jar;C:\Users\ezekiel\Aerotrax-Sandbox\cordapp-template-kotlin\build\nodes\.cache\apps\net.corda.node.Corda_4.1\shiro-crypto-core-1.4.0.jar;C:\Users\ezekiel\Aerotrax-Sandbox\cordapp-template-kotlin\build\nodes\.cache\apps\net.corda.node.Corda_4.1\shiro-lang-1.4.0.jar;C:\Users\ezekiel\Aerotrax-Sandbox\cordapp-template-kotlin\build\nodes\.cache\apps\net.corda.node.Corda_4.1\copycat-protocol-1.2.3.jar;C:\Users\ezekiel\Aerotrax-Sandbox\cordapp-template-kotlin\build\nodes\.cache\apps\net.corda.node.Corda_4.1\catalyst-transport-1.1.2.jar;C:\Users\ezekiel\Aerotrax-Sandbox\cordapp-template-kotlin\build\nodes\.cache\apps\net.corda.node.Corda_4.1\jcl-over-slf4j-1.7.25.jar;C:\Users\ezekiel\Aerotrax-Sandbox\cordapp-template-kotlin\build\nodes\.cache\apps\net.corda.node.Corda_4.1\mina-core-2.0.16.jar;C:\Users\ezekiel\Aerotrax-Sandbox\cordapp-template-kotlin\build\nodes\.cache\apps\net.corda.node.Corda_4.1\catalyst-concurrent-1.1.2.jar;C:\Users\ezekiel\Aerotrax-Sandbox\cordapp-template-kotlin\build\nodes\.cache\apps\net.corda.node.Corda_4.1\sshd-pam-0.11.0.jar;C:\Users\ezekiel\Aerotrax-Sandbox\cordapp-template-kotlin\build\nodes\.cache\apps\net.corda.node.Corda_4.1\sshd-core-1.6.0.jar;C:\Users\ezekiel\Aerotrax-Sandbox\cordapp-template-kotlin\build\nodes\.cache\apps\net.corda.node.Corda_4.1\catalyst-serializer-1.1.2.jar;C:\Users\ezekiel\Aerotrax-Sandbox\cordapp-template-kotlin\build\nodes\.cache\apps\net.corda.node.Corda_4.1\catalyst-buffer-1.1.2.jar;C:\Users\ezekiel\Aerotrax-Sandbox\cordapp-template-kotlin\build\nodes\.cache\apps\net.corda.node.Corda_4.1\catalyst-common-1.1.2.jar;C:\Users\ezekiel\Aerotrax-Sandbox\cordapp-template-kotlin\build\nodes\.cache\apps\net.corda.node.Corda_4.1\slf4j-api-1.7.25.jar;C:\Users\ezekiel\Aerotrax-Sandbox\cordapp-template-kotlin\build\nodes\.cache\apps\net.corda.node.Corda_4.1\log4j-api-2.9.1.jar;C:\Users\ezekiel\Aerotrax-Sandbox\cordapp-template-kotlin\build\nodes\.cache\apps\net.corda.node.Corda_4.1\kotlin-stdlib-jdk7-1.2.71.jar;C:\Users\ezekiel\Aerotrax-Sandbox\cordapp-template-kotlin\build\nodes\.cache\apps\net.corda.node.Corda_4.1\kotlin-stdlib-jre7-1.2.71.jar;C:\Users\ezekiel\Aerotrax-Sandbox\cordapp-template-kotlin\build\nodes\.cache\apps\net.corda.node.Corda_4.1\kotlin-stdlib-1.2.71.jar;C:\Users\ezekiel\Aerotrax-Sandbox\cordapp-template-kotlin\build\nodes\.cache\apps\net.corda.node.Corda_4.1\reflectasm-1.11.3.jar;C:\Users\ezekiel\Aerotrax-Sandbox\cordapp-template-kotlin\build\nodes\.cache\apps\net.corda.node.Corda_4.1\minlog-1.3.0.jar;C:\Users\ezekiel\Aerotrax-Sandbox\cordapp-template-kotlin\build\nodes\.cache\apps\net.corda.node.Corda_4.1\objenesis-2.2.jar;C:\Users\ezekiel\Aerotrax-Sandbox\cordapp-template-kotlin\build\nodes\.cache\apps\net.corda.node.Corda_4.1\jsr305-3.0.2.jar;C:\Users\ezekiel\Aerotrax-Sandbox\cordapp-template-kotlin\build\nodes\.cache\apps\net.corda.node.Corda_4.1\checker-qual-2.0.0.jar;C:\Users\ezekiel\Aerotrax-Sandbox\cordapp-template-kotlin\build\nodes\.cache\apps\net.corda.node.Corda_4.1\error_prone_annotations-2.1.3.jar;C:\Users\ezekiel\Aerotrax-Sandbox\cordapp-template-kotlin\build\nodes\.cache\apps\net.corda.node.Corda_4.1\j2objc-annotations-1.1.jar;C:\Users\ezekiel\Aerotrax-Sandbox\cordapp-template-kotlin\build\nodes\.cache\apps\net.corda.node.Corda_4.1\animal-sniffer-annotations-1.14.jar;C:\Users\ezekiel\Aerotrax-Sandbox\cordapp-template-kotlin\build\nodes\.cache\apps\net.corda.node.Corda_4.1\commons-collections-3.2.2.jar;C:\Users\ezekiel\Aerotrax-Sandbox\cordapp-template-kotlin\build\nodes\.cache\apps\net.corda.node.Corda_4.1\artemis-native-2.6.2.jar;C:\Users\ezekiel\Aerotrax-Sandbox\cordapp-template-kotlin\build\nodes\.cache\apps\net.corda.node.Corda_4.1\hibernate-commons-annotations-5.0.4.Final.jar;C:\Users\ezekiel\Aerotrax-Sandbox\cordapp-template-kotlin\build\nodes\.cache\apps\net.corda.node.Corda_4.1\jboss-logging-3.3.2.Final.jar;C:\Users\ezekiel\Aerotrax-Sandbox\cordapp-template-kotlin\build\nodes\.cache\apps\net.corda.node.Corda_4.1\artemis-selector-2.6.2.jar;C:\Users\ezekiel\Aerotrax-Sandbox\cordapp-template-kotlin\build\nodes\.cache\apps\net.corda.node.Corda_4.1\netty-handler-4.1.22.Final.jar;C:\Users\ezekiel\Aerotrax-Sandbox\cordapp-template-kotlin\build\nodes\.cache\apps\net.corda.node.Corda_4.1\netty-transport-native-epoll-4.1.22.Final-linux-x86_64.jar;C:\Users\ezekiel\Aerotrax-Sandbox\cordapp-template-kotlin\build\nodes\.cache\apps\net.corda.node.Corda_4.1\netty-transport-native-kqueue-4.1.22.Final-osx-x86_64.jar;C:\Users\ezekiel\Aerotrax-Sandbox\cordapp-template-kotlin\build\nodes\.cache\apps\net.corda.node.Corda_4.1\netty-codec-http-4.1.22.Final.jar;C:\Users\ezekiel\Aerotrax-Sandbox\cordapp-template-kotlin\build\nodes\.cache\apps\net.corda.node.Corda_4.1\netty-codec-4.1.22.Final.jar;C:\Users\ezekiel\Aerotrax-Sandbox\cordapp-template-kotlin\build\nodes\.cache\apps\net.corda.node.Corda_4.1\netty-transport-native-unix-common-4.1.22.Final.jar;C:\Users\ezekiel\Aerotrax-Sandbox\cordapp-template-kotlin\build\nodes\.cache\apps\net.corda.node.Corda_4.1\netty-transport-4.1.22.Final.jar;C:\Users\ezekiel\Aerotrax-Sandbox\cordapp-template-kotlin\build\nodes\.cache\apps\net.corda.node.Corda_4.1\netty-buffer-4.1.22.Final.jar;C:\Users\ezekiel\Aerotrax-Sandbox\cordapp-template-kotlin\build\nodes\.cache\apps\net.corda.node.Corda_4.1\netty-resolver-4.1.22.Final.jar;C:\Users\ezekiel\Aerotrax-Sandbox\cordapp-template-kotlin\build\nodes\.cache\apps\net.corda.node.Corda_4.1\netty-common-4.1.22.Final.jar;C:\Users\ezekiel\Aerotrax-Sandbox\cordapp-template-kotlin\build\nodes\.cache\apps\net.corda.node.Corda_4.1\geronimo-json_1.0_spec-1.0-alpha-1.jar;C:\Users\ezekiel\Aerotrax-Sandbox\cordapp-template-kotlin\build\nodes\.cache\apps\net.corda.node.Corda_4.1\jgroups-3.6.13.Final.jar;C:\Users\ezekiel\Aerotrax-Sandbox\cordapp-template-kotlin\build\nodes\.cache\apps\net.corda.node.Corda_4.1\johnzon-core-0.9.5.jar;C:\Users\ezekiel\Aerotrax-Sandbox\cordapp-template-kotlin\build\nodes\.cache\apps\net.corda.node.Corda_4.1\forms-1.1-preview.jar;C:\Users\ezekiel\Aerotrax-Sandbox\cordapp-template-kotlin\build\nodes\.cache\apps\net.corda.node.Corda_4.1\jdom-1.0.jar;C:\Users\ezekiel\Aerotrax-Sandbox\cordapp-template-kotlin\build\nodes\.cache\apps\net.corda.node.Corda_4.1\javax.persistence-api-2.2.jar;C:\Users\ezekiel\Aerotrax-Sandbox\cordapp-template-kotlin\build\nodes\.cache\apps\net.corda.node.Corda_4.1\javassist-3.23.1-GA.jar;C:\Users\ezekiel\Aerotrax-Sandbox\cordapp-template-kotlin\build\nodes\.cache\apps\net.corda.node.Corda_4.1\byte-buddy-1.8.17.jar;C:\Users\ezekiel\Aerotrax-Sandbox\cordapp-template-kotlin\build\nodes\.cache\apps\net.corda.node.Corda_4.1\antlr-2.7.7.jar;C:\Users\ezekiel\Aerotrax-Sandbox\cordapp-template-kotlin\build\nodes\.cache\apps\net.corda.node.Corda_4.1\jboss-transaction-api_1.2_spec-1.1.1.Final.jar;C:\Users\ezekiel\Aerotrax-Sandbox\cordapp-template-kotlin\build\nodes\.cache\apps\net.corda.node.Corda_4.1\jandex-2.0.5.Final.jar;C:\Users\ezekiel\Aerotrax-Sandbox\cordapp-template-kotlin\build\nodes\.cache\apps\net.corda.node.Corda_4.1\classmate-1.3.4.jar;C:\Users\ezekiel\Aerotrax-Sandbox\cordapp-template-kotlin\build\nodes\.cache\apps\net.corda.node.Corda_4.1\javax.activation-api-1.2.0.jar;C:\Users\ezekiel\Aerotrax-Sandbox\cordapp-template-kotlin\build\nodes\.cache\apps\net.corda.node.Corda_4.1\dom4j-1.6.1.jar;C:\Users\ezekiel\Aerotrax-Sandbox\cordapp-template-kotlin\build\nodes\.cache\apps\net.corda.node.Corda_4.1\okio-1.11.0.jar;C:\Users\ezekiel\Aerotrax-Sandbox\cordapp-template-kotlin\build\nodes\.cache\apps\net.corda.node.Corda_4.1\jolokia-core-1.6.0.jar;C:\Users\ezekiel\Aerotrax-Sandbox\cordapp-template-kotlin\build\nodes\.cache\apps\net.corda.node.Corda_4.1\json-simple-1.1.1.jar;C:\Users\ezekiel\Aerotrax-Sandbox\cordapp-template-kotlin\build\nodes\.cache\apps\net.corda.node.Corda_4.1\newrelic-api-3.10.0.jar;C:\Users\ezekiel\Aerotrax-Sandbox\cordapp-template-kotlin\build\nodes\.cache\apps\net.corda.node.Corda_4.1\HdrHistogram-2.1.9.jar;C:\Users\ezekiel\Aerotrax-Sandbox\cordapp-template-kotlin\build\nodes\.cache\apps\net.corda.node.Corda_4.1\LatencyUtils-2.0.3.jar;C:\Users\ezekiel\Aerotrax-Sandbox\cordapp-template-kotlin\build\nodes\.cache\apps\net.corda.node.Corda_4.1\rxjava-1.3.8.jar;C:\Users\ezekiel\Aerotrax-Sandbox\cordapp-template-kotlin\build\nodes\.cache\apps\net.corda.node.Corda_4.1\commons-jexl3-3.0.jar;C:\Users\ezekiel\Aerotrax-Sandbox\cordapp-template-kotlin\build\nodes\.cache\apps\net.corda.node.Corda_4.1\commons-lang-2.6.jar;C:\Users\ezekiel\Aerotrax-Sandbox\cordapp-template-kotlin\build\nodes\.cache\apps\net.corda.node.Corda_4.1\eddsa-0.2.0.jar;C:\Users\ezekiel\Aerotrax-Sandbox\cordapp-template-kotlin\build\nodes\.cache\apps\net.corda.node.Corda_4.1\bcpkix-jdk15on-1.60.jar;C:\Users\ezekiel\Aerotrax-Sandbox\cordapp-template-kotlin\build\nodes\.cache\apps\net.corda.node.Corda_4.1\bcprov-jdk15on-1.60.jar;C:\Users\ezekiel\Aerotrax-Sandbox\cordapp-template-kotlin\build\nodes\.cache\apps\net.corda.node.Corda_4.1\asm-5.0.4.jar;C:\Users\ezekiel\Aerotrax-Sandbox\cordapp-template-kotlin\build\nodes\.cache\apps\net.corda.node.Corda_4.1\snappy-0.4.jar;C:\Users\ezekiel\Aerotrax-Sandbox\cordapp-template-kotlin\build\nodes\.cache\apps\net.corda.node.Corda_4.1\jackson-dataformat-yaml-2.9.5.jar;C:\Users\ezekiel\Aerotrax-Sandbox\cordapp-template-kotlin\build\nodes\.cache\apps\net.corda.node.Corda_4.1\snakeyaml-1.18.jar;C:\Users\ezekiel\Aerotrax-Sandbox\cordapp-template-kotlin\build\nodes\.cache\apps\net.corda.node.Corda_4.1\jackson-annotations-2.9.0.jar;C:\Users\ezekiel\Aerotrax-Sandbox\cordapp-template-kotlin\build\nodes\.cache\apps\net.corda.node.Corda_4.1\jackson-core-2.9.5.jar;C:\Users\ezekiel\Aerotrax-Sandbox\cordapp-template-kotlin\build\nodes\.cache\apps\net.corda.node.Corda_4.1\crash.cli-810d2b774b85d4938be01b9b65e29e4fddbc450b.jar;C:\Users\ezekiel\Aerotrax-Sandbox\cordapp-template-kotlin\build\nodes\.cache\apps\net.corda.node.Corda_4.1\groovy-all-1.8.9.jar;C:\Users\ezekiel\Aerotrax-Sandbox\cordapp-template-kotlin\build\nodes\.cache\apps\net.corda.node.Corda_4.1\kotlin-stdlib-common-1.2.71.jar;C:\Users\ezekiel\Aerotrax-Sandbox\cordapp-template-kotlin\build\nodes\.cache\apps\net.corda.node.Corda_4.1\annotations-13.0.jar;C:\Users\ezekiel\Aerotrax-Sandbox\cordapp-template-kotlin\build\nodes\.cache\apps\net.corda.node.Corda_4.1\geronimo-jms_2.0_spec-1.0-alpha-2.jar;C:\Users\ezekiel\Aerotrax-Sandbox\cordapp-template-kotlin\build\nodes\.cache\apps\net.corda.node.Corda_4.1\jpam-1.1.jar;C:\Users\ezekiel\Aerotrax-Sandbox\cordapp-template-kotlin\build\nodes\.cache\apps\net.corda.node.Corda_4.1\corda-node-4.1.jar;C:\Users\ezekiel\Aerotrax-Sandbox\cordapp-template-kotlin\build\nodes\Aerotrax\corda.jar;C:\Users\ezekiel\Aerotrax-Sandbox\cordapp-template-kotlin\build\nodes\.cache\apps\net.corda.node.Corda_4.1\quasar-core-0.7.10-jdk8.jar
[INFO ] 2019-08-15T06:21:14,116Z [main] internal.Node.logStartupInfo - VM Java HotSpot(TM) 64-Bit Server VM Oracle Corporation 25.211-b12
[INFO ] 2019-08-15T06:21:14,117Z [main] internal.Node.logStartupInfo - Machine: DESKTOP-RA4VRHP
[INFO ] 2019-08-15T06:21:14,118Z [main] internal.Node.logStartupInfo - Working Directory: C:\Users\ezekiel\Aerotrax-Sandbox\cordapp-template-kotlin\build\nodes\Aerotrax
[INFO ] 2019-08-15T06:21:14,118Z [main] internal.Node.logStartupInfo - Starting as node on localhost:10008
[INFO ] 2019-08-15T06:21:14,385Z [main] cordapp.JarScanningCordappLoader.fromDirectories - Looking for CorDapps in [C:\Users\ezekiel\Aerotrax-Sandbox\cordapp-template-kotlin\build\nodes\Aerotrax\cordapps]
[INFO ] 2019-08-15T06:21:14,415Z [main] cordapp.JarScanningCordappLoader.<init> - No CorDapp paths provided
[INFO ] 2019-08-15T06:21:16,464Z [main] internal.Node.generateAndSaveNodeInfo - Generating nodeInfo ...
[INFO ] 2019-08-15T06:21:17,136Z [main] internal.Node.obtainIdentity - identity-private-key not found in key store, generating fresh key!
[INFO ] 2019-08-15T06:21:17,304Z [main] hikari.HikariDataSource.<init> - HikariPool-1 - Started.
[INFO ] 2019-08-15T06:21:24,652Z [main] liquibase.info - Reading from public.databasechangelog
[INFO ] 2019-08-15T06:21:25,021Z [main] liquibase.info - Successfully acquired change log lock
[INFO ] 2019-08-15T06:21:25,027Z [main] liquibase.info - Successfully released change log lock
[INFO ] 2019-08-15T06:21:25,050Z [main] internal.Node.invoke - Connected to PostgreSQL database.
[INFO ] 2019-08-15T06:21:25,074Z [main] persistence.HibernateConfiguration.<init> - Init HibernateConfiguration for schemas: [CommonSchemaV1(name=net.corda.core.schemas.CommonSchema, version=1), VaultSchemaV1(name=net.corda.node.services.vault.VaultSchema, version=1), NodeInfoSchemaV1(name=net.corda.node.internal.schemas.NodeInfoSchema, version=1), NodeCoreV1(name=net.corda.node.services.schema.NodeSchemaService$NodeCore, version=1)]
[INFO ] 2019-08-15T06:21:25,077Z [main] persistence.HibernateConfiguration.makeSessionFactoryForSchemas - Creating session factory for schemas: [CommonSchemaV1(name=net.corda.core.schemas.CommonSchema, version=1), VaultSchemaV1(name=net.corda.node.services.vault.VaultSchema, version=1), NodeInfoSchemaV1(name=net.corda.node.internal.schemas.NodeInfoSchema, version=1), NodeCoreV1(name=net.corda.node.services.schema.NodeSchemaService$NodeCore, version=1)]
[INFO ] 2019-08-15T06:21:29,739Z [main] persistence.HibernateConfiguration.makeSessionFactoryForSchemas - Created session factory for schemas: [CommonSchemaV1(name=net.corda.core.schemas.CommonSchema, version=1), VaultSchemaV1(name=net.corda.node.services.vault.VaultSchema, version=1), NodeInfoSchemaV1(name=net.corda.node.internal.schemas.NodeInfoSchema, version=1), NodeCoreV1(name=net.corda.node.services.schema.NodeSchemaService$NodeCore, version=1)]
[INFO ] 2019-08-15T06:21:32,830Z [main] internal.Node.updateNodeInfo - Node-info has changed so submitting update. Old node-info was NodeInfo(addresses=[localhost:10008], legalIdentitiesAndCerts=[O=Aerotrax, L=New York, C=US], platformVersion=4, serial=1565849104341)
[INFO ] 2019-08-15T06:21:32,830Z [main] network.PersistentNetworkMapCache.addNode - Adding node with info: NodeInfo(addresses=[localhost:10008], legalIdentitiesAndCerts=[O=Aerotrax, L=New York, C=US], platformVersion=4, serial=1565850092830)
[INFO ] 2019-08-15T06:21:32,852Z [main] network.PersistentNetworkMapCache.addNode - No previous node found
[INFO ] 2019-08-15T06:21:33,163Z [main] internal.Node.updateNodeInfo - New node-info: NodeInfo(addresses=[localhost:10008], legalIdentitiesAndCerts=[O=Aerotrax, L=New York, C=US], platformVersion=4, serial=1565850092830)
[INFO ] 2019-08-15T06:21:33,290Z [main] pool.HikariPool.shutdown - HikariPool-1 - Close initiated...
[INFO ] 2019-08-15T06:21:33,339Z [main] pool.HikariPool.shutdown - HikariPool-1 - Closed.
[INFO ] 2019-08-15T06:22:37,755Z [main] manifests.Manifests.info - 116 attributes loaded from 154 stream(s) in 151ms, 116 saved, 2429 ignored: ["ActiveMQ-Version", "Agent-Class", "Ant-Version", "Application-Class", "Application-ID", "Application-Library-Allowable-Codebase", "Application-Name", "Application-Version", "Archiver-Version", "Automatic-Module-Name", "Bnd-LastModified", "Branch", "Build-Date", "Build-Host", "Build-Id", "Build-Java-Version", "Build-Jdk", "Build-Job", "Build-Number", "Build-Timestamp", "Built-By", "Built-OS", "Built-Status", "Bundle-Activator", "Bundle-Category", "Bundle-ClassPath", "Bundle-Copyright", "Bundle-Description", "Bundle-DocURL", "Bundle-License", "Bundle-ManifestVersion", "Bundle-Name", "Bundle-NativeCode", "Bundle-RequiredExecutionEnvironment", "Bundle-SymbolicName", "Bundle-Vendor", "Bundle-Version", "Caller-Allowable-Codebase", "Can-Redefine-Classes", "Can-Retransform-Classes", "Can-Set-Native-Method-Prefix", "Caplets", "Change", "Class-Path", "Codebase", "Corda-Platform-Version", "Corda-Release-Version", "Corda-Revision", "Corda-Vendor", "Created-By", "DynamicImport-Package", "Eclipse-BuddyPolicy", "Eclipse-LazyStart", "Export-Package", "Extension-Name", "Fragment-Host", "Gradle-Version", "Hibernate-JpaVersion", "Hibernate-VersionFamily", "Implementation-Build", "Implementation-Build-Date", "Implementation-Title", "Implementation-URL", "Implementation-Url", "Implementation-Vendor", "Implementation-Vendor-Id", "Implementation-Version", "Import-Package", "Include-Resource", "JCabi-Build", "JCabi-Date", "JCabi-Version", "JVM-Args", "Java-Agents", "Java-Vendor", "Java-Version", "Kotlin-Runtime-Component", "Kotlin-Version", "Liquibase-Package", "Log4jReleaseKey", "Log4jReleaseManager", "Log4jReleaseVersion", "Main-Class", "Main-class", "Manifest-Version", "Min-Java-Version", "Min-Update-Version", "Module-Email", "Module-Origin", "Module-Owner", "Module-Source", "Multi-Release", "Originally-Created-By", "Os-Arch", "Os-Name", "Os-Version", "Package", "Permissions", "Premain-Class", "Private-Package", "Provide-Capability", "Require-Capability", "SCM-Revision", "SCM-url", "Scm-Connection", "Scm-Revision", "Scm-Url", "Service-Component", "Specification-Title", "Specification-Vendor", "Specification-Version", "System-Properties", "Tool", "Trusted-Library", "X-Compile-Source-JDK", "X-Compile-Target-JDK"]
[INFO ] 2019-08-15T06:22:37,891Z [main] BasicInfo.printBasicNodeInfo - Logs can be found in                    : C:\Users\ezekiel\Aerotrax-Sandbox\cordapp-template-kotlin\build\nodes\Aerotrax\logs
[INFO ] 2019-08-15T06:22:39,535Z [main] subcommands.ValidateConfigurationCli.logRawConfig$node - Actual configuration:
{
    "additionalNodeInfoPollingFrequencyMsec" : 5000,
    "additionalP2PAddresses" : [],
    "attachmentCacheBound" : 1024,
    "baseDirectory" : "C:\\Users\\ezekiel\\Aerotrax-Sandbox\\cordapp-template-kotlin\\build\\nodes\\Aerotrax",
    "certificateChainCheckPolicies" : [],
    "cordappSignerKeyFingerprintBlacklist" : [
        "56CA54E803CB87C8472EBD3FBC6A2F1876E814CEEBF74860BD46997F40729367",
        "83088052AF16700457AE2C978A7D8AC38DD6A7C713539D00B897CD03A5E5D31D",
        "6F6696296C3F58B55FB6CA865A025A3A6CC27AD17C4AFABA1E8EF062E0A82739"
    ],
    "crlCheckSoftFail" : true,
    "dataSourceProperties" : "*****",
    "database" : {
        "exportHibernateJMXStatistics" : false,
        "initialiseAppSchema" : "UPDATE",
        "initialiseSchema" : true,
        "mappedSchemaCacheSize" : 100,
        "transactionIsolationLevel" : "REPEATABLE_READ"
    },
    "detectPublicIp" : false,
    "devMode" : true,
    "emailAddress" : "admin@company.com",
    "extraNetworkMapKeys" : [],
    "flowMonitorPeriodMillis" : {
        "nanos" : 0,
        "seconds" : 60
    },
    "flowMonitorSuspensionLoggingThresholdMillis" : {
        "nanos" : 0,
        "seconds" : 60
    },
    "flowTimeout" : {
        "backoffBase" : 1.8,
        "maxRestartCount" : 6,
        "timeout" : {
            "nanos" : 0,
            "seconds" : 30
        }
    },
    "jarDirs" : [
        "E"
    ],
    "jmxReporterType" : "JOLOKIA",
    "keyStorePassword" : "*****",
    "lazyBridgeStart" : true,
    "myLegalName" : "O=Aerotrax,L=New York,C=US",
    "noLocalShell" : false,
    "p2pAddress" : "localhost:10008",
    "rpcSettings" : {
        "address" : "localhost:10009",
        "adminAddress" : "localhost:10049",
        "standAloneBroker" : false,
        "useSsl" : false
    },
    "rpcUsers" : [],
    "security" : {
        "authService" : {
            "dataSource" : {
                "passwordEncryption" : "NONE",
                "type" : "INMEMORY",
                "users" : [
                    {
                        "ignoresFallbacks" : false,
                        "resolved" : true,
                        "value" : {
                            "loadFactor" : 0.75,
                            "modCount" : 3,
                            "size" : 3,
                            "table" : {},
                            "threshold" : 3
                        }
                    }
                ]
            }
        }
    },
    "trustStorePassword" : "*****",
    "useTestClock" : false,
    "verifierType" : "InMemory"
}

[INFO ] 2019-08-15T06:22:39,552Z [main] internal.Node.logStartupInfo - Vendor: Corda Open Source
[INFO ] 2019-08-15T06:22:39,552Z [main] internal.Node.logStartupInfo - Release: 4.1
[INFO ] 2019-08-15T06:22:39,552Z [main] internal.Node.logStartupInfo - Platform Version: 4
[INFO ] 2019-08-15T06:22:39,552Z [main] internal.Node.logStartupInfo - Revision: c11f6c15f71ac47b715e8e1b56ff5159b3730bdc
[INFO ] 2019-08-15T06:22:39,553Z [main] internal.Node.logStartupInfo - PID: 5664
[INFO ] 2019-08-15T06:22:39,553Z [main] internal.Node.logStartupInfo - Main class: /C:/Users/ezekiel/AppData/Local/capsule/apps/net.corda.node.Corda_4.1/corda-node-4.1.jar
[INFO ] 2019-08-15T06:22:39,553Z [main] internal.Node.logStartupInfo - CommandLine Args: -Xmx512m -XX:+UseG1GC -agentlib:jdwp=transport=dt_socket,server=y,suspend=n,address=5005 -javaagent:drivers/jolokia-jvm-1.6.0-agent.jar=port=7005,logHandlerClass=net.corda.node.JolokiaSlf4jAdapter -javaagent:C:\Users\ezekiel\Aerotrax-Sandbox\cordapp-template-kotlin\build\nodes\Aerotrax\corda.jar -javaagent:C:\Users\ezekiel\AppData\Local\capsule\apps\net.corda.node.Corda_4.1\quasar-core-0.7.10-jdk8.jar=x(antlr**;bftsmart**;co.paralleluniverse**;com.codahale**;com.esotericsoftware**;com.fasterxml**;com.google**;com.ibm**;com.intellij**;com.jcabi**;com.nhaarman**;com.opengamma**;com.typesafe**;com.zaxxer**;de.javakaffee**;groovy**;groovyjarjarantlr**;groovyjarjarasm**;io.atomix**;io.github**;io.netty**;jdk**;junit**;kotlin**;net.bytebuddy**;net.i2p**;org.apache**;org.assertj**;org.bouncycastle**;org.codehaus**;org.crsh**;org.dom4j**;org.fusesource**;org.h2**;org.hamcrest**;org.hibernate**;org.jboss**;org.jcp**;org.joda**;org.junit**;org.mockito**;org.objectweb**;org.objenesis**;org.slf4j**;org.w3c**;org.xml**;org.yaml**;reflectasm**;rx**;org.jolokia**;com.lmax**;picocli**;liquibase**;com.github.benmanes**;org.json**;org.postgresql**;nonapi.io.github.classgraph**) -Dcapsule.address=0.0.0.0 -Dvisualvm.display.name=Corda -Djava.library.path=C:\Program Files\Java\jdk1.8.0_211\jre\bin;C:\Windows\Sun\Java\bin;C:\Windows\system32;C:\Windows;C:\Users\ezekiel\bin;C:\Program Files\Git\mingw64\bin;C:\Program Files\Git\usr\local\bin;C:\Program Files\Git\usr\bin;C:\Program Files\Git\usr\bin;C:\Program Files\Git\mingw64\bin;C:\Program Files\Git\usr\bin;C:\Users\ezekiel\bin;C:\Program Files\JetBrains\IntelliJ IDEA Community Edition 2019.1.2\jbr\bin;C:\Program Files\JetBrains\IntelliJ IDEA Community Edition 2019.1.2\jbr\bin\server;C:\Program Files\JetBrains\IntelliJ IDEA Community Edition 2019.1.2\jbr\bin;C:\Program Files\JetBrains\IntelliJ IDEA Community Edition 2019.1.2\jbr\bin\server;C:\Program Files (x86)\Common Files\Oracle\Java\javapath;C:\Program Files (x86)\Intel\iCLS Client;C:\Program Files\Intel\iCLS Client;C:\Windows\system32;C:\Windows;C:\Windows\System32\Wbem;C:\Windows\System32\WindowsPowerShell\v1.0;C:\Windows\System32\OpenSSH;C:\Program Files (x86)\Intel\Intel(R) Management Engine Components\DAL;C:\Program Files\Intel\Intel(R) Management Engine Components\DAL;C:\Program Files (x86)\Intel\Intel(R) Management Engine Components\IPT;C:\Program Files\Intel\Intel(R) Management Engine Components\IPT;C:\Program Files\nodejs;C:\Program Files\Git\cmd;C:\Program Files\dotnet;C:\Program Files\Microsoft SQL Server\130\Tools\Binn;C:\Program Files\Microsoft SQL Server\Client SDK\ODBC\170\Tools\Binn;C:\Users\ezekiel\AppData\Roaming\npm;C:\Program Files\MySQL\MySQL Shell 8.0\bin;C:\Users\ezekiel\AppData\Local\Programs\Microsoft VS Code\bin;C:\Users\ezekiel\AppData\Roaming\npm;C:\Program Files\Git\usr\bin\vendor_perl;C:\Program Files\Git\usr\bin\core_perl;C:\Users\ezekiel\AppData\Local\capsule\apps\net.corda.node.Corda_4.1 -Dcapsule.log=1 -Dcapsule.app=net.corda.node.Corda_4.1 -Dcapsule.port=57458 -Dcapsule.jvm.args=-agentlib:jdwp=transport=dt_socket,server=y,suspend=n,address=5005 -javaagent:drivers/jolokia-jvm-1.6.0-agent.jar=port=7005,logHandlerClass=net.corda.node.JolokiaSlf4jAdapter -Dname=Aerotrax -Dcapsule.dir=C:\Users\ezekiel\AppData\Local\capsule\apps\net.corda.node.Corda_4.1 -Dcapsule.jar=C:\Users\ezekiel\Aerotrax-Sandbox\cordapp-template-kotlin\build\nodes\Aerotrax\corda.jar
[INFO ] 2019-08-15T06:22:39,553Z [main] internal.Node.logStartupInfo - bootclasspath: C:\Program Files\Java\jdk1.8.0_211\jre\lib\resources.jar;C:\Program Files\Java\jdk1.8.0_211\jre\lib\rt.jar;C:\Program Files\Java\jdk1.8.0_211\jre\lib\sunrsasign.jar;C:\Program Files\Java\jdk1.8.0_211\jre\lib\jsse.jar;C:\Program Files\Java\jdk1.8.0_211\jre\lib\jce.jar;C:\Program Files\Java\jdk1.8.0_211\jre\lib\charsets.jar;C:\Program Files\Java\jdk1.8.0_211\jre\lib\jfr.jar;C:\Program Files\Java\jdk1.8.0_211\jre\classes
[INFO ] 2019-08-15T06:22:39,553Z [main] internal.Node.logStartupInfo - classpath: C:\Users\ezekiel\Aerotrax-Sandbox\cordapp-template-kotlin\build\nodes\Aerotrax\corda.jar;C:\Users\ezekiel\AppData\Local\capsule\apps\net.corda.node.Corda_4.1\corda-shell-4.1.jar;C:\Users\ezekiel\AppData\Local\capsule\apps\net.corda.node.Corda_4.1\corda-rpc-4.1.jar;C:\Users\ezekiel\AppData\Local\capsule\apps\net.corda.node.Corda_4.1\corda-node-api-4.1.jar;C:\Users\ezekiel\AppData\Local\capsule\apps\net.corda.node.Corda_4.1\corda-tools-cliutils-4.1.jar;C:\Users\ezekiel\AppData\Local\capsule\apps\net.corda.node.Corda_4.1\corda-common-configuration-parsing-4.1.jar;C:\Users\ezekiel\AppData\Local\capsule\apps\net.corda.node.Corda_4.1\corda-common-validation-4.1.jar;C:\Users\ezekiel\AppData\Local\capsule\apps\net.corda.node.Corda_4.1\corda-common-logging-4.1.jar;C:\Users\ezekiel\AppData\Local\capsule\apps\net.corda.node.Corda_4.1\corda-confidential-identities-4.1.jar;C:\Users\ezekiel\AppData\Local\capsule\apps\net.corda.node.Corda_4.1\log4j-slf4j-impl-2.9.1.jar;C:\Users\ezekiel\AppData\Local\capsule\apps\net.corda.node.Corda_4.1\log4j-web-2.9.1.jar;C:\Users\ezekiel\AppData\Local\capsule\apps\net.corda.node.Corda_4.1\jul-to-slf4j-1.7.25.jar;C:\Users\ezekiel\AppData\Local\capsule\apps\net.corda.node.Corda_4.1\corda-jackson-4.1.jar;C:\Users\ezekiel\AppData\Local\capsule\apps\net.corda.node.Corda_4.1\corda-serialization-4.1.jar;C:\Users\ezekiel\AppData\Local\capsule\apps\net.corda.node.Corda_4.1\corda-core-4.1.jar;C:\Users\ezekiel\AppData\Local\capsule\apps\net.corda.node.Corda_4.1\kotlin-stdlib-jdk8-1.2.71.jar;C:\Users\ezekiel\AppData\Local\capsule\apps\net.corda.node.Corda_4.1\jackson-module-kotlin-2.9.5.jar;C:\Users\ezekiel\AppData\Local\capsule\apps\net.corda.node.Corda_4.1\kotlin-reflect-1.2.71.jar;C:\Users\ezekiel\AppData\Local\capsule\apps\net.corda.node.Corda_4.1\quasar-core-0.7.10-jdk8.jar;C:\Users\ezekiel\AppData\Local\capsule\apps\net.corda.node.Corda_4.1\kryo-serializers-0.42.jar;C:\Users\ezekiel\AppData\Local\capsule\apps\net.corda.node.Corda_4.1\kryo-4.0.0.jar;C:\Users\ezekiel\AppData\Local\capsule\apps\net.corda.node.Corda_4.1\jimfs-1.1.jar;C:\Users\ezekiel\AppData\Local\capsule\apps\net.corda.node.Corda_4.1\metrics-new-relic-1.1.1.jar;C:\Users\ezekiel\AppData\Local\capsule\apps\net.corda.node.Corda_4.1\guava-25.1-jre.jar;C:\Users\ezekiel\AppData\Local\capsule\apps\net.corda.node.Corda_4.1\caffeine-2.6.2.jar;C:\Users\ezekiel\AppData\Local\capsule\apps\net.corda.node.Corda_4.1\disruptor-3.4.2.jar;C:\Users\ezekiel\AppData\Local\capsule\apps\net.corda.node.Corda_4.1\commons-collections4-4.1.jar;C:\Users\ezekiel\AppData\Local\capsule\apps\net.corda.node.Corda_4.1\artemis-amqp-protocol-2.6.2.jar;C:\Users\ezekiel\AppData\Local\capsule\apps\net.corda.node.Corda_4.1\artemis-server-2.6.2.jar;C:\Users\ezekiel\AppData\Local\capsule\apps\net.corda.node.Corda_4.1\artemis-jms-client-2.6.2.jar;C:\Users\ezekiel\AppData\Local\capsule\apps\net.corda.node.Corda_4.1\artemis-jdbc-store-2.6.2.jar;C:\Users\ezekiel\AppData\Local\capsule\apps\net.corda.node.Corda_4.1\artemis-core-client-2.6.2.jar;C:\Users\ezekiel\AppData\Local\capsule\apps\net.corda.node.Corda_4.1\artemis-journal-2.6.2.jar;C:\Users\ezekiel\AppData\Local\capsule\apps\net.corda.node.Corda_4.1\artemis-commons-2.6.2.jar;C:\Users\ezekiel\AppData\Local\capsule\apps\net.corda.node.Corda_4.1\shiro-core-1.4.0.jar;C:\Users\ezekiel\AppData\Local\capsule\apps\net.corda.node.Corda_4.1\shiro-config-ogdl-1.4.0.jar;C:\Users\ezekiel\AppData\Local\capsule\apps\net.corda.node.Corda_4.1\commons-beanutils-1.9.3.jar;C:\Users\ezekiel\AppData\Local\capsule\apps\net.corda.node.Corda_4.1\jcabi-manifests-1.1.jar;C:\Users\ezekiel\AppData\Local\capsule\apps\net.corda.node.Corda_4.1\forms_rt-7.0.3.jar;C:\Users\ezekiel\AppData\Local\capsule\apps\net.corda.node.Corda_4.1\metrics-core-3.2.5.jar;C:\Users\ezekiel\AppData\Local\capsule\apps\net.corda.node.Corda_4.1\config-1.3.3.jar;C:\Users\ezekiel\AppData\Local\capsule\apps\net.corda.node.Corda_4.1\h2-1.4.197.jar;C:\Users\ezekiel\AppData\Local\capsule\apps\net.corda.node.Corda_4.1\postgresql-42.2.5.jar;C:\Users\ezekiel\AppData\Local\capsule\apps\net.corda.node.Corda_4.1\HikariCP-2.5.1.jar;C:\Users\ezekiel\AppData\Local\capsule\apps\net.corda.node.Corda_4.1\hibernate-java8-5.3.6.Final.jar;C:\Users\ezekiel\AppData\Local\capsule\apps\net.corda.node.Corda_4.1\hibernate-core-5.3.6.Final.jar;C:\Users\ezekiel\AppData\Local\capsule\apps\net.corda.node.Corda_4.1\okhttp-3.5.0.jar;C:\Users\ezekiel\AppData\Local\capsule\apps\net.corda.node.Corda_4.1\picocli-3.8.0.jar;C:\Users\ezekiel\AppData\Local\capsule\apps\net.corda.node.Corda_4.1\ea-agent-loader-1.0.3.jar;C:\Users\ezekiel\AppData\Local\capsule\apps\net.corda.node.Corda_4.1\commons-codec-1.10.jar;C:\Users\ezekiel\AppData\Local\capsule\apps\net.corda.node.Corda_4.1\library-master-v1.1-beta-g6215ec8-87.jar;C:\Users\ezekiel\AppData\Local\capsule\apps\net.corda.node.Corda_4.1\copycat-client-1.2.3.jar;C:\Users\ezekiel\AppData\Local\capsule\apps\net.corda.node.Corda_4.1\copycat-server-1.2.3.jar;C:\Users\ezekiel\AppData\Local\capsule\apps\net.corda.node.Corda_4.1\catalyst-netty-1.1.2.jar;C:\Users\ezekiel\AppData\Local\capsule\apps\net.corda.node.Corda_4.1\jolokia-jvm-1.6.0-agent.jar;C:\Users\ezekiel\AppData\Local\capsule\apps\net.corda.node.Corda_4.1\kotlin-stdlib-jre8-1.2.71.jar;C:\Users\ezekiel\AppData\Local\capsule\apps\net.corda.node.Corda_4.1\commons-fileupload-1.3.3.jar;C:\Users\ezekiel\AppData\Local\capsule\apps\net.corda.node.Corda_4.1\proton-j-0.33.0.jar;C:\Users\ezekiel\AppData\Local\capsule\apps\net.corda.node.Corda_4.1\classgraph-4.6.12.jar;C:\Users\ezekiel\AppData\Local\capsule\apps\net.corda.node.Corda_4.1\liquibase-core-3.5.5.jar;C:\Users\ezekiel\AppData\Local\capsule\apps\net.corda.node.Corda_4.1\jackson-datatype-jsr310-2.9.5.jar;C:\Users\ezekiel\AppData\Local\capsule\apps\net.corda.node.Corda_4.1\jackson-databind-2.9.5.jar;C:\Users\ezekiel\AppData\Local\capsule\apps\net.corda.node.Corda_4.1\liquibase-slf4j-2.0.0.jar;C:\Users\ezekiel\AppData\Local\capsule\apps\net.corda.node.Corda_4.1\crash.connectors.ssh-810d2b774b85d4938be01b9b65e29e4fddbc450b.jar;C:\Users\ezekiel\AppData\Local\capsule\apps\net.corda.node.Corda_4.1\crash.shell-810d2b774b85d4938be01b9b65e29e4fddbc450b.jar;C:\Users\ezekiel\AppData\Local\capsule\apps\net.corda.node.Corda_4.1\jansi-1.14.jar;C:\Users\ezekiel\AppData\Local\capsule\apps\net.corda.node.Corda_4.1\log4j-core-2.9.1.jar;C:\Users\ezekiel\AppData\Local\capsule\apps\net.corda.node.Corda_4.1\commons-io-2.6.jar;C:\Users\ezekiel\AppData\Local\capsule\apps\net.corda.node.Corda_4.1\jcabi-log-0.14.jar;C:\Users\ezekiel\AppData\Local\capsule\apps\net.corda.node.Corda_4.1\shiro-cache-1.4.0.jar;C:\Users\ezekiel\AppData\Local\capsule\apps\net.corda.node.Corda_4.1\shiro-crypto-hash-1.4.0.jar;C:\Users\ezekiel\AppData\Local\capsule\apps\net.corda.node.Corda_4.1\shiro-crypto-cipher-1.4.0.jar;C:\Users\ezekiel\AppData\Local\capsule\apps\net.corda.node.Corda_4.1\shiro-config-core-1.4.0.jar;C:\Users\ezekiel\AppData\Local\capsule\apps\net.corda.node.Corda_4.1\shiro-event-1.4.0.jar;C:\Users\ezekiel\AppData\Local\capsule\apps\net.corda.node.Corda_4.1\shiro-crypto-core-1.4.0.jar;C:\Users\ezekiel\AppData\Local\capsule\apps\net.corda.node.Corda_4.1\shiro-lang-1.4.0.jar;C:\Users\ezekiel\AppData\Local\capsule\apps\net.corda.node.Corda_4.1\copycat-protocol-1.2.3.jar;C:\Users\ezekiel\AppData\Local\capsule\apps\net.corda.node.Corda_4.1\catalyst-transport-1.1.2.jar;C:\Users\ezekiel\AppData\Local\capsule\apps\net.corda.node.Corda_4.1\jcl-over-slf4j-1.7.25.jar;C:\Users\ezekiel\AppData\Local\capsule\apps\net.corda.node.Corda_4.1\mina-core-2.0.16.jar;C:\Users\ezekiel\AppData\Local\capsule\apps\net.corda.node.Corda_4.1\catalyst-concurrent-1.1.2.jar;C:\Users\ezekiel\AppData\Local\capsule\apps\net.corda.node.Corda_4.1\sshd-pam-0.11.0.jar;C:\Users\ezekiel\AppData\Local\capsule\apps\net.corda.node.Corda_4.1\sshd-core-1.6.0.jar;C:\Users\ezekiel\AppData\Local\capsule\apps\net.corda.node.Corda_4.1\catalyst-serializer-1.1.2.jar;C:\Users\ezekiel\AppData\Local\capsule\apps\net.corda.node.Corda_4.1\catalyst-buffer-1.1.2.jar;C:\Users\ezekiel\AppData\Local\capsule\apps\net.corda.node.Corda_4.1\catalyst-common-1.1.2.jar;C:\Users\ezekiel\AppData\Local\capsule\apps\net.corda.node.Corda_4.1\slf4j-api-1.7.25.jar;C:\Users\ezekiel\AppData\Local\capsule\apps\net.corda.node.Corda_4.1\log4j-api-2.9.1.jar;C:\Users\ezekiel\AppData\Local\capsule\apps\net.corda.node.Corda_4.1\kotlin-stdlib-jdk7-1.2.71.jar;C:\Users\ezekiel\AppData\Local\capsule\apps\net.corda.node.Corda_4.1\kotlin-stdlib-jre7-1.2.71.jar;C:\Users\ezekiel\AppData\Local\capsule\apps\net.corda.node.Corda_4.1\kotlin-stdlib-1.2.71.jar;C:\Users\ezekiel\AppData\Local\capsule\apps\net.corda.node.Corda_4.1\reflectasm-1.11.3.jar;C:\Users\ezekiel\AppData\Local\capsule\apps\net.corda.node.Corda_4.1\minlog-1.3.0.jar;C:\Users\ezekiel\AppData\Local\capsule\apps\net.corda.node.Corda_4.1\objenesis-2.2.jar;C:\Users\ezekiel\AppData\Local\capsule\apps\net.corda.node.Corda_4.1\jsr305-3.0.2.jar;C:\Users\ezekiel\AppData\Local\capsule\apps\net.corda.node.Corda_4.1\checker-qual-2.0.0.jar;C:\Users\ezekiel\AppData\Local\capsule\apps\net.corda.node.Corda_4.1\error_prone_annotations-2.1.3.jar;C:\Users\ezekiel\AppData\Local\capsule\apps\net.corda.node.Corda_4.1\j2objc-annotations-1.1.jar;C:\Users\ezekiel\AppData\Local\capsule\apps\net.corda.node.Corda_4.1\animal-sniffer-annotations-1.14.jar;C:\Users\ezekiel\AppData\Local\capsule\apps\net.corda.node.Corda_4.1\commons-collections-3.2.2.jar;C:\Users\ezekiel\AppData\Local\capsule\apps\net.corda.node.Corda_4.1\artemis-native-2.6.2.jar;C:\Users\ezekiel\AppData\Local\capsule\apps\net.corda.node.Corda_4.1\hibernate-commons-annotations-5.0.4.Final.jar;C:\Users\ezekiel\AppData\Local\capsule\apps\net.corda.node.Corda_4.1\jboss-logging-3.3.2.Final.jar;C:\Users\ezekiel\AppData\Local\capsule\apps\net.corda.node.Corda_4.1\artemis-selector-2.6.2.jar;C:\Users\ezekiel\AppData\Local\capsule\apps\net.corda.node.Corda_4.1\netty-handler-4.1.22.Final.jar;C:\Users\ezekiel\AppData\Local\capsule\apps\net.corda.node.Corda_4.1\netty-transport-native-epoll-4.1.22.Final-linux-x86_64.jar;C:\Users\ezekiel\AppData\Local\capsule\apps\net.corda.node.Corda_4.1\netty-transport-native-kqueue-4.1.22.Final-osx-x86_64.jar;C:\Users\ezekiel\AppData\Local\capsule\apps\net.corda.node.Corda_4.1\netty-codec-http-4.1.22.Final.jar;C:\Users\ezekiel\AppData\Local\capsule\apps\net.corda.node.Corda_4.1\netty-codec-4.1.22.Final.jar;C:\Users\ezekiel\AppData\Local\capsule\apps\net.corda.node.Corda_4.1\netty-transport-native-unix-common-4.1.22.Final.jar;C:\Users\ezekiel\AppData\Local\capsule\apps\net.corda.node.Corda_4.1\netty-transport-4.1.22.Final.jar;C:\Users\ezekiel\AppData\Local\capsule\apps\net.corda.node.Corda_4.1\netty-buffer-4.1.22.Final.jar;C:\Users\ezekiel\AppData\Local\capsule\apps\net.corda.node.Corda_4.1\netty-resolver-4.1.22.Final.jar;C:\Users\ezekiel\AppData\Local\capsule\apps\net.corda.node.Corda_4.1\netty-common-4.1.22.Final.jar;C:\Users\ezekiel\AppData\Local\capsule\apps\net.corda.node.Corda_4.1\geronimo-json_1.0_spec-1.0-alpha-1.jar;C:\Users\ezekiel\AppData\Local\capsule\apps\net.corda.node.Corda_4.1\jgroups-3.6.13.Final.jar;C:\Users\ezekiel\AppData\Local\capsule\apps\net.corda.node.Corda_4.1\johnzon-core-0.9.5.jar;C:\Users\ezekiel\AppData\Local\capsule\apps\net.corda.node.Corda_4.1\forms-1.1-preview.jar;C:\Users\ezekiel\AppData\Local\capsule\apps\net.corda.node.Corda_4.1\jdom-1.0.jar;C:\Users\ezekiel\AppData\Local\capsule\apps\net.corda.node.Corda_4.1\javax.persistence-api-2.2.jar;C:\Users\ezekiel\AppData\Local\capsule\apps\net.corda.node.Corda_4.1\javassist-3.23.1-GA.jar;C:\Users\ezekiel\AppData\Local\capsule\apps\net.corda.node.Corda_4.1\byte-buddy-1.8.17.jar;C:\Users\ezekiel\AppData\Local\capsule\apps\net.corda.node.Corda_4.1\antlr-2.7.7.jar;C:\Users\ezekiel\AppData\Local\capsule\apps\net.corda.node.Corda_4.1\jboss-transaction-api_1.2_spec-1.1.1.Final.jar;C:\Users\ezekiel\AppData\Local\capsule\apps\net.corda.node.Corda_4.1\jandex-2.0.5.Final.jar;C:\Users\ezekiel\AppData\Local\capsule\apps\net.corda.node.Corda_4.1\classmate-1.3.4.jar;C:\Users\ezekiel\AppData\Local\capsule\apps\net.corda.node.Corda_4.1\javax.activation-api-1.2.0.jar;C:\Users\ezekiel\AppData\Local\capsule\apps\net.corda.node.Corda_4.1\dom4j-1.6.1.jar;C:\Users\ezekiel\AppData\Local\capsule\apps\net.corda.node.Corda_4.1\okio-1.11.0.jar;C:\Users\ezekiel\AppData\Local\capsule\apps\net.corda.node.Corda_4.1\jolokia-core-1.6.0.jar;C:\Users\ezekiel\AppData\Local\capsule\apps\net.corda.node.Corda_4.1\json-simple-1.1.1.jar;C:\Users\ezekiel\AppData\Local\capsule\apps\net.corda.node.Corda_4.1\newrelic-api-3.10.0.jar;C:\Users\ezekiel\AppData\Local\capsule\apps\net.corda.node.Corda_4.1\HdrHistogram-2.1.9.jar;C:\Users\ezekiel\AppData\Local\capsule\apps\net.corda.node.Corda_4.1\LatencyUtils-2.0.3.jar;C:\Users\ezekiel\AppData\Local\capsule\apps\net.corda.node.Corda_4.1\rxjava-1.3.8.jar;C:\Users\ezekiel\AppData\Local\capsule\apps\net.corda.node.Corda_4.1\commons-jexl3-3.0.jar;C:\Users\ezekiel\AppData\Local\capsule\apps\net.corda.node.Corda_4.1\commons-lang-2.6.jar;C:\Users\ezekiel\AppData\Local\capsule\apps\net.corda.node.Corda_4.1\eddsa-0.2.0.jar;C:\Users\ezekiel\AppData\Local\capsule\apps\net.corda.node.Corda_4.1\bcpkix-jdk15on-1.60.jar;C:\Users\ezekiel\AppData\Local\capsule\apps\net.corda.node.Corda_4.1\bcprov-jdk15on-1.60.jar;C:\Users\ezekiel\AppData\Local\capsule\apps\net.corda.node.Corda_4.1\asm-5.0.4.jar;C:\Users\ezekiel\AppData\Local\capsule\apps\net.corda.node.Corda_4.1\snappy-0.4.jar;C:\Users\ezekiel\AppData\Local\capsule\apps\net.corda.node.Corda_4.1\jackson-dataformat-yaml-2.9.5.jar;C:\Users\ezekiel\AppData\Local\capsule\apps\net.corda.node.Corda_4.1\snakeyaml-1.18.jar;C:\Users\ezekiel\AppData\Local\capsule\apps\net.corda.node.Corda_4.1\jackson-annotations-2.9.0.jar;C:\Users\ezekiel\AppData\Local\capsule\apps\net.corda.node.Corda_4.1\jackson-core-2.9.5.jar;C:\Users\ezekiel\AppData\Local\capsule\apps\net.corda.node.Corda_4.1\crash.cli-810d2b774b85d4938be01b9b65e29e4fddbc450b.jar;C:\Users\ezekiel\AppData\Local\capsule\apps\net.corda.node.Corda_4.1\groovy-all-1.8.9.jar;C:\Users\ezekiel\AppData\Local\capsule\apps\net.corda.node.Corda_4.1\kotlin-stdlib-common-1.2.71.jar;C:\Users\ezekiel\AppData\Local\capsule\apps\net.corda.node.Corda_4.1\annotations-13.0.jar;C:\Users\ezekiel\AppData\Local\capsule\apps\net.corda.node.Corda_4.1\geronimo-jms_2.0_spec-1.0-alpha-2.jar;C:\Users\ezekiel\AppData\Local\capsule\apps\net.corda.node.Corda_4.1\jpam-1.1.jar;C:\Users\ezekiel\AppData\Local\capsule\apps\net.corda.node.Corda_4.1\corda-node-4.1.jar;drivers/jolokia-jvm-1.6.0-agent.jar;C:\Users\ezekiel\Aerotrax-Sandbox\cordapp-template-kotlin\build\nodes\Aerotrax\corda.jar;C:\Users\ezekiel\AppData\Local\capsule\apps\net.corda.node.Corda_4.1\quasar-core-0.7.10-jdk8.jar
[INFO ] 2019-08-15T06:22:39,553Z [main] internal.Node.logStartupInfo - VM Java HotSpot(TM) 64-Bit Server VM Oracle Corporation 25.211-b12
[INFO ] 2019-08-15T06:22:39,553Z [main] internal.Node.logStartupInfo - Machine: DESKTOP-RA4VRHP
[INFO ] 2019-08-15T06:22:39,554Z [main] internal.Node.logStartupInfo - Working Directory: C:\Users\ezekiel\Aerotrax-Sandbox\cordapp-template-kotlin\build\nodes\Aerotrax
[INFO ] 2019-08-15T06:22:39,554Z [main] internal.Node.logStartupInfo - Debug port: dt_socket:5005
[INFO ] 2019-08-15T06:22:39,554Z [main] internal.Node.logStartupInfo - Starting as node on localhost:10008
[INFO ] 2019-08-15T06:22:39,795Z [main] cordapp.JarScanningCordappLoader.fromDirectories - Looking for CorDapps in [C:\Users\ezekiel\Aerotrax-Sandbox\cordapp-template-kotlin\build\nodes\Aerotrax\cordapps]
[INFO ] 2019-08-15T06:22:39,814Z [main] cordapp.JarScanningCordappLoader.<init> - Loading CorDapps from RestrictedURL(url=file:/C:/Users/ezekiel/Aerotrax-Sandbox/cordapp-template-kotlin/build/nodes/Aerotrax/cordapps/contracts-0.1.jar, rootPackageName=null), RestrictedURL(url=file:/C:/Users/ezekiel/Aerotrax-Sandbox/cordapp-template-kotlin/build/nodes/Aerotrax/cordapps/tokens-contracts-1.0.jar, rootPackageName=null), RestrictedURL(url=file:/C:/Users/ezekiel/Aerotrax-Sandbox/cordapp-template-kotlin/build/nodes/Aerotrax/cordapps/tokens-money-1.0.jar, rootPackageName=null), RestrictedURL(url=file:/C:/Users/ezekiel/Aerotrax-Sandbox/cordapp-template-kotlin/build/nodes/Aerotrax/cordapps/tokens-workflows-1.0.jar, rootPackageName=null), RestrictedURL(url=file:/C:/Users/ezekiel/Aerotrax-Sandbox/cordapp-template-kotlin/build/nodes/Aerotrax/cordapps/workflows-0.1.jar, rootPackageName=null)
[INFO ] 2019-08-15T06:22:39,893Z [main] cordapp.JarScanningCordappLoader.scanCordapp - Scanning CorDapp in file:/C:/Users/ezekiel/Aerotrax-Sandbox/cordapp-template-kotlin/build/nodes/Aerotrax/cordapps/contracts-0.1.jar
[INFO ] 2019-08-15T06:22:40,325Z [main] cordapp.JarScanningCordappLoader.scanCordapp - Scanning CorDapp in file:/C:/Users/ezekiel/Aerotrax-Sandbox/cordapp-template-kotlin/build/nodes/Aerotrax/cordapps/tokens-contracts-1.0.jar
[INFO ] 2019-08-15T06:22:41,034Z [main] cordapp.JarScanningCordappLoader.scanCordapp - Scanning CorDapp in file:/C:/Users/ezekiel/Aerotrax-Sandbox/cordapp-template-kotlin/build/nodes/Aerotrax/cordapps/tokens-money-1.0.jar
[INFO ] 2019-08-15T06:22:41,081Z [main] cordapp.JarScanningCordappLoader.scanCordapp - Scanning CorDapp in file:/C:/Users/ezekiel/Aerotrax-Sandbox/cordapp-template-kotlin/build/nodes/Aerotrax/cordapps/tokens-workflows-1.0.jar
[INFO ] 2019-08-15T06:22:42,401Z [main] cordapp.JarScanningCordappLoader.scanCordapp - Scanning CorDapp in file:/C:/Users/ezekiel/Aerotrax-Sandbox/cordapp-template-kotlin/build/nodes/Aerotrax/cordapps/workflows-0.1.jar
[WARN ] 2019-08-15T06:22:49,344Z [main] internal.Node.printWarning - This node is running in development mode!  This is not safe for production deployment.
[INFO ] 2019-08-15T06:22:49,818Z [main] internal.Node.start - Node starting up ...
[INFO ] 2019-08-15T06:22:50,121Z [main] internal.NodeFlowManager.registerInitiatedFlow - Registered com.r3.corda.lib.tokens.workflows.flows.redeem.RedeemTokensFlow to initiate com.r3.corda.lib.tokens.workflows.flows.redeem.RedeemTokensFlowHandler (version 1)
[INFO ] 2019-08-15T06:22:50,126Z [main] internal.NodeFlowManager.registerInitiatedFlow - Registered com.r3.corda.lib.tokens.workflows.flows.rpc.ConfidentialIssueTokens to initiate com.r3.corda.lib.tokens.workflows.flows.rpc.ConfidentialIssueTokensHandler (version 1)
[INFO ] 2019-08-15T06:22:50,136Z [main] internal.NodeFlowManager.registerInitiatedFlow - Registered com.r3.corda.lib.tokens.workflows.flows.rpc.ConfidentialMoveFungibleTokens to initiate com.r3.corda.lib.tokens.workflows.flows.rpc.ConfidentialMoveFungibleTokensHandler (version 1)
[INFO ] 2019-08-15T06:22:50,141Z [main] internal.NodeFlowManager.registerInitiatedFlow - Registered com.r3.corda.lib.tokens.workflows.flows.rpc.ConfidentialMoveNonFungibleTokens to initiate com.r3.corda.lib.tokens.workflows.flows.rpc.ConfidentialMoveNonFungibleTokensHandler (version 1)
[INFO ] 2019-08-15T06:22:50,142Z [main] internal.NodeFlowManager.registerInitiatedFlow - Registered com.r3.corda.lib.tokens.workflows.flows.rpc.ConfidentialRedeemFungibleTokens to initiate com.r3.corda.lib.tokens.workflows.flows.rpc.ConfidentialRedeemFungibleTokensHandler (version 1)
[INFO ] 2019-08-15T06:22:50,149Z [main] internal.NodeFlowManager.registerInitiatedFlow - Registered com.r3.corda.lib.tokens.workflows.flows.rpc.CreateEvolvableTokens to initiate com.r3.corda.lib.tokens.workflows.flows.rpc.CreateEvolvableTokensHandler (version 1)
[INFO ] 2019-08-15T06:22:50,156Z [main] internal.NodeFlowManager.registerInitiatedFlow - Registered com.r3.corda.lib.tokens.workflows.flows.rpc.IssueTokens to initiate com.r3.corda.lib.tokens.workflows.flows.rpc.IssueTokensHandler (version 1)
[INFO ] 2019-08-15T06:22:50,156Z [main] internal.NodeFlowManager.registerInitiatedFlow - Registered com.r3.corda.lib.tokens.workflows.flows.rpc.MoveFungibleTokens to initiate com.r3.corda.lib.tokens.workflows.flows.rpc.MoveFungibleTokensHandler (version 1)
[INFO ] 2019-08-15T06:22:50,157Z [main] internal.NodeFlowManager.registerInitiatedFlow - Registered com.r3.corda.lib.tokens.workflows.flows.rpc.MoveNonFungibleTokens to initiate com.r3.corda.lib.tokens.workflows.flows.rpc.MoveNonFungibleTokensHandler (version 1)
[INFO ] 2019-08-15T06:22:50,157Z [main] internal.NodeFlowManager.registerInitiatedFlow - Registered com.r3.corda.lib.tokens.workflows.flows.rpc.RedeemFungibleTokens to initiate com.r3.corda.lib.tokens.workflows.flows.rpc.RedeemFungibleTokensHandler (version 1)
[INFO ] 2019-08-15T06:22:50,157Z [main] internal.NodeFlowManager.registerInitiatedFlow - Registered com.r3.corda.lib.tokens.workflows.flows.rpc.RedeemNonFungibleTokens to initiate com.r3.corda.lib.tokens.workflows.flows.rpc.RedeemNonFungibleTokensHandler (version 1)
[INFO ] 2019-08-15T06:22:50,159Z [main] internal.NodeFlowManager.registerInitiatedFlow - Registered com.r3.corda.lib.tokens.workflows.flows.rpc.UpdateEvolvableToken to initiate com.r3.corda.lib.tokens.workflows.flows.rpc.UpdateEvolvableTokenHandler (version 1)
[INFO ] 2019-08-15T06:22:50,285Z [main] internal.NodeFlowManager.registerInitiatedFlow - Registered com.r3.corda.lib.tokens.workflows.internal.flows.distribution.RequestAdditionToDistributionList$Initiator to initiate com.r3.corda.lib.tokens.workflows.internal.flows.distribution.RequestAdditionToDistributionList$Responder (version 1)
[INFO ] 2019-08-15T06:22:50,287Z [main] internal.NodeFlowManager.registerInitiatedFlow - Registered com.r3.corda.lib.tokens.workflows.internal.flows.distribution.UpdateDistributionListFlow to initiate com.r3.corda.lib.tokens.workflows.internal.flows.distribution.UpdateDistributionListFlowHandler (version 1)
[INFO ] 2019-08-15T06:22:50,313Z [main] internal.NodeFlowManager.registerInitiatedFlow - Registered com.r3.corda.lib.tokens.workflows.internal.testflows.DvPFlow to initiate com.r3.corda.lib.tokens.workflows.internal.testflows.DvPFlowHandler (version 1)
[INFO ] 2019-08-15T06:22:50,319Z [main] internal.NodeFlowManager.registerInitiatedFlow - Registered com.template.flows.registerPart to initiate com.template.flows.registerPartResponder (version 1)
[INFO ] 2019-08-15T06:22:50,835Z [main] plugin.PluginManager.getPlugins - Loaded plugin Plugin[type=SSHPlugin,interface=SSHPlugin]
[INFO ] 2019-08-15T06:22:50,837Z [main] plugin.PluginManager.getPlugins - Loaded plugin Plugin[type=SSHInlinePlugin,interface=CommandPlugin]
[INFO ] 2019-08-15T06:22:50,839Z [main] plugin.PluginManager.getPlugins - Loaded plugin Plugin[type=KeyAuthenticationPlugin,interface=KeyAuthenticationPlugin]
[INFO ] 2019-08-15T06:22:50,840Z [main] plugin.PluginManager.getPlugins - Loaded plugin Plugin[type=CRaSHShellFactory,interface=ShellFactory]
[INFO ] 2019-08-15T06:22:50,841Z [main] plugin.PluginManager.getPlugins - Loaded plugin Plugin[type=GroovyLanguageProxy,interface=Language]
[INFO ] 2019-08-15T06:22:50,852Z [main] plugin.PluginManager.getPlugins - Loaded plugin Plugin[type=JavaLanguage,interface=Language]
[INFO ] 2019-08-15T06:22:50,856Z [main] plugin.PluginManager.getPlugins - Loaded plugin Plugin[type=ScriptLanguage,interface=Language]
[INFO ] 2019-08-15T06:22:50,857Z [main] plugin.PluginManager.getPlugins - Loaded plugin Plugin[type=JaasAuthenticationPlugin,interface=AuthenticationPlugin]
[INFO ] 2019-08-15T06:22:50,858Z [main] plugin.PluginManager.getPlugins - Loaded plugin Plugin[type=SimpleAuthenticationPlugin,interface=AuthenticationPlugin]
[INFO ] 2019-08-15T06:22:50,867Z [main] ssh.SSHPlugin.init - Could not boot SSHD due to missing due to missing port configuration
[INFO ] 2019-08-15T06:22:50,867Z [main] plugin.PluginManager.getPlugins - Initialized plugin Plugin[type=SSHPlugin,interface=SSHPlugin]
[INFO ] 2019-08-15T06:22:50,867Z [main] plugin.PluginManager.getPlugins - Initialized plugin Plugin[type=SSHInlinePlugin,interface=CommandPlugin]
[INFO ] 2019-08-15T06:22:50,867Z [main] plugin.PluginManager.getPlugins - Initialized plugin Plugin[type=KeyAuthenticationPlugin,interface=KeyAuthenticationPlugin]
[INFO ] 2019-08-15T06:22:50,887Z [main] plugin.PluginManager.getPlugins - Initialized plugin Plugin[type=GroovyLanguageProxy,interface=Language]
[INFO ] 2019-08-15T06:22:50,887Z [main] plugin.PluginManager.getPlugins - Initialized plugin Plugin[type=ScriptLanguage,interface=Language]
[INFO ] 2019-08-15T06:22:50,928Z [main] plugin.PluginManager.getPlugins - Initialized plugin Plugin[type=CRaSHShellFactory,interface=ShellFactory]
[INFO ] 2019-08-15T06:22:50,928Z [main] plugin.PluginManager.getPlugins - Initialized plugin Plugin[type=JaasAuthenticationPlugin,interface=AuthenticationPlugin]
[INFO ] 2019-08-15T06:22:50,928Z [main] plugin.PluginManager.getPlugins - Initialized plugin Plugin[type=SimpleAuthenticationPlugin,interface=AuthenticationPlugin]
[INFO ] 2019-08-15T06:22:50,929Z [main] plugin.PluginManager.getPlugins - Initialized plugin Plugin[type=CordaAuthenticationPlugin,interface=AuthenticationPlugin]
[INFO ] 2019-08-15T06:22:57,002Z [main] internal.Node.start - Loaded network parameters: NetworkParameters {
      minimumPlatformVersion=4
      notaries=[NotaryInfo(identity=O=Notary, L=London, C=GB, validating=false)]
      maxMessageSize=10485760
      maxTransactionSize=524288000
      whitelistedContractImplementations {
        
      }
      eventHorizon=PT720H
      packageOwnership {
        
      }
      modifiedTime=2019-08-15T06:21:36.434Z
      epoch=1
  }
[INFO ] 2019-08-15T06:22:57,057Z [main] hikari.HikariDataSource.<init> - HikariPool-1 - Started.
[INFO ] 2019-08-15T06:23:05,322Z [main] liquibase.info - Reading from public.databasechangelog
[INFO ] 2019-08-15T06:23:05,717Z [main] liquibase.info - Successfully acquired change log lock
[INFO ] 2019-08-15T06:23:05,725Z [main] liquibase.info - Successfully released change log lock
[INFO ] 2019-08-15T06:23:05,766Z [main] internal.Node.invoke - Connected to PostgreSQL database.
[INFO ] 2019-08-15T06:23:05,855Z [main] persistence.HibernateConfiguration.<init> - Init HibernateConfiguration for schemas: [CommonSchemaV1(name=net.corda.core.schemas.CommonSchema, version=1), VaultSchemaV1(name=net.corda.node.services.vault.VaultSchema, version=1), NodeInfoSchemaV1(name=net.corda.node.internal.schemas.NodeInfoSchema, version=1), NodeCoreV1(name=net.corda.node.services.schema.NodeSchemaService$NodeCore, version=1), FungibleTokenSchemaV1(name=com.r3.corda.lib.tokens.contracts.internal.schemas.FungibleTokenSchema, version=1), NonFungibleTokenSchemaV1(name=com.r3.corda.lib.tokens.contracts.internal.schemas.NonFungibleTokenSchema, version=1), TokenSchemaV1(name=com.r3.corda.lib.tokens.contracts.schemas.TokenSchema, version=1), DistributionRecordSchemaV1(name=com.r3.corda.lib.tokens.workflows.internal.schemas.DistributionRecordSchema, version=1)]
[INFO ] 2019-08-15T06:23:05,860Z [main] persistence.HibernateConfiguration.makeSessionFactoryForSchemas - Creating session factory for schemas: [CommonSchemaV1(name=net.corda.core.schemas.CommonSchema, version=1), VaultSchemaV1(name=net.corda.node.services.vault.VaultSchema, version=1), NodeInfoSchemaV1(name=net.corda.node.internal.schemas.NodeInfoSchema, version=1), NodeCoreV1(name=net.corda.node.services.schema.NodeSchemaService$NodeCore, version=1), FungibleTokenSchemaV1(name=com.r3.corda.lib.tokens.contracts.internal.schemas.FungibleTokenSchema, version=1), NonFungibleTokenSchemaV1(name=com.r3.corda.lib.tokens.contracts.internal.schemas.NonFungibleTokenSchema, version=1), TokenSchemaV1(name=com.r3.corda.lib.tokens.contracts.schemas.TokenSchema, version=1), DistributionRecordSchemaV1(name=com.r3.corda.lib.tokens.workflows.internal.schemas.DistributionRecordSchema, version=1)]
[INFO ] 2019-08-15T06:23:10,572Z [main] persistence.HibernateConfiguration.makeSessionFactoryForSchemas - Created session factory for schemas: [CommonSchemaV1(name=net.corda.core.schemas.CommonSchema, version=1), VaultSchemaV1(name=net.corda.node.services.vault.VaultSchema, version=1), NodeInfoSchemaV1(name=net.corda.node.internal.schemas.NodeInfoSchema, version=1), NodeCoreV1(name=net.corda.node.services.schema.NodeSchemaService$NodeCore, version=1), FungibleTokenSchemaV1(name=com.r3.corda.lib.tokens.contracts.internal.schemas.FungibleTokenSchema, version=1), NonFungibleTokenSchemaV1(name=com.r3.corda.lib.tokens.contracts.internal.schemas.NonFungibleTokenSchema, version=1), TokenSchemaV1(name=com.r3.corda.lib.tokens.contracts.schemas.TokenSchema, version=1), DistributionRecordSchemaV1(name=com.r3.corda.lib.tokens.workflows.internal.schemas.DistributionRecordSchema, version=1)]
[WARN ] 2019-08-15T06:23:12,741Z [main] internal.Node.getPreviousNodeInfoIfPresent - Found more than one node registration with our legal name, this is only expected if our keypair has been regenerated
[INFO ] 2019-08-15T06:23:14,749Z [main] network.NetworkMapUpdater.apply - Auto-accept enabled for network parameter changes which modify only: [epoch, modifiedTime, packageOwnership, whitelistedContractImplementations]
[INFO ] 2019-08-15T06:23:14,828Z [main] security.RPCSecurityManagerImpl.buildImpl - Constructing realm from list of users in config [User(user1, permissions=[ALL])]
[INFO ] 2019-08-15T06:23:14,959Z [RxIoScheduler-2] network.PersistentNetworkMapCache.addNode - Adding node with info: NodeInfo(addresses=[localhost:10002], legalIdentitiesAndCerts=[O=Notary, L=London, C=GB], platformVersion=4, serial=1565850092059)
[INFO ] 2019-08-15T06:23:14,966Z [RxIoScheduler-2] network.PersistentNetworkMapCache.addNode - No previous node found
[INFO ] 2019-08-15T06:23:15,527Z [main] BasicInfo.printBasicNodeInfo - Advertised P2P messaging addresses      : localhost:10008
[INFO ] 2019-08-15T06:23:15,533Z [main] BasicInfo.printBasicNodeInfo - RPC connection address                  : localhost:10009
[INFO ] 2019-08-15T06:23:15,533Z [main] BasicInfo.printBasicNodeInfo - RPC admin connection address            : localhost:10049
[INFO ] 2019-08-15T06:23:15,987Z [RxIoScheduler-2] network.PersistentNetworkMapCache.addNode - Adding node with info: NodeInfo(addresses=[localhost:10005], legalIdentitiesAndCerts=[O=Airplane, L=London, C=GB], platformVersion=4, serial=1565850090053)
[INFO ] 2019-08-15T06:23:15,989Z [RxIoScheduler-2] network.PersistentNetworkMapCache.addNode - No previous node found
[INFO ] 2019-08-15T06:23:16,033Z [RxIoScheduler-2] network.PersistentNetworkMapCache.addNode - Adding node with info: NodeInfo(addresses=[localhost:10008], legalIdentitiesAndCerts=[O=Aerotrax, L=New York, C=US], platformVersion=4, serial=1565850092830)
[INFO ] 2019-08-15T06:23:16,043Z [RxIoScheduler-2] network.PersistentNetworkMapCache.addNode - Previous node was found as: NodeInfo(addresses=[localhost:10008], legalIdentitiesAndCerts=[O=Aerotrax, L=New York, C=US], platformVersion=4, serial=1565849104341)
[INFO ] 2019-08-15T06:23:26,786Z [main] messaging.ArtemisMessagingServer.configureAndStartServer - P2P messaging server listening on 0.0.0.0:10008
[INFO ] 2019-08-15T06:23:36,620Z [main] internal.ArtemisMessagingClient.start - Connecting to message broker: localhost:10008
[INFO ] 2019-08-15T06:23:40,400Z [main] internal.ArtemisMessagingClient.start - Connecting to message broker: localhost:10008
[INFO ] 2019-08-15T06:23:41,611Z [main] messaging.P2PMessagingClient.start - Connecting to message broker: localhost:10008
[INFO ] 2019-08-15T06:23:41,797Z [main] messaging.P2PMessagingClient.createQueueIfAbsent - Create fresh queue p2p.inbound.DLHhnoJVBWuvsiMvWdTGiT6dkb6rSLi1RdhWEKfSDGN2Cm bound on same address
[INFO ] 2019-08-15T06:23:42,425Z [Thread-3 (ActiveMQ-client-global-threads)] bridging.BridgeControlListener.processControlMessage - Received bridge control message NodeToBridgeSnapshot(nodeIdentity=O=Aerotrax, L=New York, C=US, inboxQueues=[p2p.inbound.DLHhnoJVBWuvsiMvWdTGiT6dkb6rSLi1RdhWEKfSDGN2Cm], sendQueues=[])
[INFO ] 2019-08-15T06:23:42,997Z [main] ClassloaderUtils.logElapsedTime - Contracts loading for 'C:\Users\ezekiel\AppData\Local\Temp\attachment6390393913530814863.jar' took 23 msec
[INFO ] 2019-08-15T06:23:43,050Z [main] persistence.NodeAttachmentService.invoke - Stored new attachment: id=55C871D5A145609755523B478FB2E4DFA29862868818836FA4329DBF72349738 uploader=app filename=null
[INFO ] 2019-08-15T06:23:43,183Z [main] ClassloaderUtils.logElapsedTime - Contracts loading for 'C:\Users\ezekiel\AppData\Local\Temp\attachment8004247961382920747.jar' took 22 msec
[INFO ] 2019-08-15T06:23:43,369Z [main] ClassloaderUtils.logElapsedTime - Contracts loading for 'C:\Users\ezekiel\AppData\Local\Temp\attachment1154148481106787919.jar' took 20 msec
[INFO ] 2019-08-15T06:23:43,425Z [main] cordapp.CordappConfigFileProvider.getConfigByName - No config found for cordapp tokens-workflows-1.0 in [C:\Users\ezekiel\Aerotrax-Sandbox\cordapp-template-kotlin\build\nodes\Aerotrax\cordapps\config]
[WARN ] 2019-08-15T06:23:43,502Z [main] vault.NodeVaultService._trackBy - trackBy is called with an already existing, open DB transaction. As a result, there might be states missing from both the snapshot and observable, included in the returned data feed, because of race conditions.
[INFO ] 2019-08-15T06:23:44,516Z [main] internal.Node.installCordaService - Installed com.r3.corda.lib.tokens.workflows.internal.selection.VaultWatcherService Corda service
[WARN ] 2019-08-15T06:23:44,517Z [main] internal.Node.installCordaService - com.flowdb.CryptoValuesDatabaseService is using legacy CordaService constructor with ServiceHub parameter. Upgrade to an AppServiceHub parameter to enable updated API features.
[INFO ] 2019-08-15T06:23:44,817Z [main] flowdb.DatabaseService.setUpStorage - Created airplane_parts table.
[INFO ] 2019-08-15T06:23:44,818Z [main] flowdb.DatabaseService.setUpSpecification - Created airplane_parts table.
[INFO ] 2019-08-15T06:23:44,818Z [main] internal.Node.installCordaService - Installed com.flowdb.CryptoValuesDatabaseService Corda service
[WARN ] 2019-08-15T06:23:44,819Z [main] internal.Node.installCordaService - com.flowdb.DatabaseService is using legacy CordaService constructor with ServiceHub parameter. Upgrade to an AppServiceHub parameter to enable updated API features.
[INFO ] 2019-08-15T06:23:44,819Z [main] internal.Node.installCordaService - Installed com.flowdb.DatabaseService Corda service
[INFO ] 2019-08-15T06:23:48,649Z [main] statemachine.SingleThreadedStateMachineManager.invoke - Node ready, info: NodeInfo(addresses=[localhost:10008], legalIdentitiesAndCerts=[O=Aerotrax, L=New York, C=US], platformVersion=4, serial=1565850092830)
[INFO ] 2019-08-15T06:23:48,888Z [main] BasicInfo.printBasicNodeInfo - Loaded 5 CorDapp(s)                     : Contract CorDapp: Template Contract version 1 by vendor Corda Open Source with licence A liberal, open source licence, Contract CorDapp: Token SDK Contracts version 1 by vendor R3 with licence Apache 2, Contract CorDapp: Token SDK money definitions version 1 by vendor R3 with licence Apache 2, Workflow CorDapp: Token SDK Workflows version 1 by vendor R3 with licence Apache 2, Workflow CorDapp: Template Flows version 1 by vendor Corda Open Source with licence A liberal, open source licence
[INFO ] 2019-08-15T06:23:48,890Z [main] BasicInfo.printBasicNodeInfo - Node for "Aerotrax" started up and registered in 72.61 sec
[INFO ] 2019-08-15T06:23:48,905Z [Node thread-1] internal.Node.registerJmxReporter - Registering JMX reporter:
[INFO ] 2019-08-15T06:23:48,905Z [Node thread-1] internal.Node.registerJolokiaReporter - Registering Jolokia JMX reporter:
[INFO ] 2019-08-15T06:23:49,121Z [main] rpc.RPCServer.start - Starting RPC server with configuration RPCServerConfiguration(rpcThreadPoolSize=4, reapInterval=PT1S, deduplicationCacheExpiry=PT24H)
[INFO ] 2019-08-15T06:26:15,340Z [pool-8-thread-1] shell.RunShellCommand.main - Executing command "run networkMapSnapshot",
[INFO ] 2019-08-15T06:26:15,677Z [pool-8-thread-1] internal.RPCClient.logElapsedTime - Startup took 159 msec
